<?xml version="1.0" encoding="UTF-8"?>
<testsuite xmlns:xsi="http://www.w3.org/2001/XMLSchema-instance" xsi:noNamespaceSchemaLocation="https://maven.apache.org/surefire/maven-surefire-plugin/xsd/surefire-test-report.xsd" name="com.xiaodao.order.message.MqSenderTest" time="28.568" tests="3" errors="3" skipped="0" failures="0">
  <properties>
[...]
</properties>
  <testcase name="send" classname="com.xiaodao.order.message.MqSenderTest" time="0.001">
    <error message="Error creating bean with name &apos;com.xiaodao.order.message.MqSenderTest&apos;: Unsatisfied dependency expressed through field &apos;myMessage&apos;; nested exception is org.springframework.beans.factory.NoSuchBeanDefinitionException: No qualifying bean of type &apos;com.xiaodao.order.message.StreamClient&apos; available: expected at least 1 bean which qualifies as autowire candidate. Dependency annotations: {@org.springframework.beans.factory.annotation.Autowired(required=true), @org.springframework.beans.factory.annotation.Qualifier(value=myMessage)}" type="org.springframework.beans.factory.UnsatisfiedDependencyException">org.springframework.beans.factory.UnsatisfiedDependencyException: Error creating bean with name 'com.xiaodao.order.message.MqSenderTest': Unsatisfied dependency expressed through field 'myMessage'; nested exception is org.springframework.beans.factory.NoSuchBeanDefinitionException: No qualifying bean of type 'com.xiaodao.order.message.StreamClient' available: expected at least 1 bean which qualifies as autowire candidate. Dependency annotations: {@org.springframework.beans.factory.annotation.Autowired(required=true), @org.springframework.beans.factory.annotation.Qualifier(value=myMessage)}
Caused by: org.springframework.beans.factory.NoSuchBeanDefinitionException: No qualifying bean of type 'com.xiaodao.order.message.StreamClient' available: expected at least 1 bean which qualifies as autowire candidate. Dependency annotations: {@org.springframework.beans.factory.annotation.Autowired(required=true), @org.springframework.beans.factory.annotation.Qualifier(value=myMessage)}
</error>
    <system-out><![CDATA[01:46:04.560 [main] DEBUG org.springframework.test.context.junit4.SpringJUnit4ClassRunner - SpringJUnit4ClassRunner constructor called with [class com.xiaodao.order.message.MqSenderTest]
01:46:04.566 [main] DEBUG org.springframework.test.context.BootstrapUtils - Instantiating CacheAwareContextLoaderDelegate from class [org.springframework.test.context.cache.DefaultCacheAwareContextLoaderDelegate]
01:46:04.576 [main] DEBUG org.springframework.test.context.BootstrapUtils - Instantiating BootstrapContext using constructor [public org.springframework.test.context.support.DefaultBootstrapContext(java.lang.Class,org.springframework.test.context.CacheAwareContextLoaderDelegate)]
01:46:04.597 [main] DEBUG org.springframework.test.context.BootstrapUtils - Instantiating TestContextBootstrapper for test class [com.xiaodao.order.message.MqSenderTest] from class [org.springframework.boot.test.context.SpringBootTestContextBootstrapper]
01:46:04.612 [main] INFO org.springframework.boot.test.context.SpringBootTestContextBootstrapper - Neither @ContextConfiguration nor @ContextHierarchy found for test class [com.xiaodao.order.message.MqSenderTest], using SpringBootContextLoader
01:46:04.616 [main] DEBUG org.springframework.test.context.support.AbstractContextLoader - Did not detect default resource location for test class [com.xiaodao.order.message.MqSenderTest]: class path resource [com/xiaodao/order/message/MqSenderTest-context.xml] does not exist
01:46:04.617 [main] DEBUG org.springframework.test.context.support.AbstractContextLoader - Did not detect default resource location for test class [com.xiaodao.order.message.MqSenderTest]: class path resource [com/xiaodao/order/message/MqSenderTestContext.groovy] does not exist
01:46:04.617 [main] INFO org.springframework.test.context.support.AbstractContextLoader - Could not detect default resource locations for test class [com.xiaodao.order.message.MqSenderTest]: no resource found for suffixes {-context.xml, Context.groovy}.
01:46:04.618 [main] INFO org.springframework.test.context.support.AnnotationConfigContextLoaderUtils - Could not detect default configuration classes for test class [com.xiaodao.order.message.MqSenderTest]: MqSenderTest does not declare any static, non-private, non-final, nested classes annotated with @Configuration.
01:46:04.675 [main] DEBUG org.springframework.test.context.support.ActiveProfilesUtils - Could not find an 'annotation declaring class' for annotation type [org.springframework.test.context.ActiveProfiles] and class [com.xiaodao.order.message.MqSenderTest]
01:46:04.807 [main] DEBUG org.springframework.context.annotation.ClassPathScanningCandidateComponentProvider - Identified candidate component class: file [C:\Users\xiaodao\Desktop\study\sell-order\order-server\target\classes\com\xiaodao\order\MyrderApplication.class]
01:46:04.808 [main] INFO org.springframework.boot.test.context.SpringBootTestContextBootstrapper - Found @SpringBootConfiguration com.xiaodao.order.MyrderApplication for test class com.xiaodao.order.message.MqSenderTest
01:46:04.943 [main] DEBUG org.springframework.boot.test.context.SpringBootTestContextBootstrapper - @TestExecutionListeners is not present for class [com.xiaodao.order.message.MqSenderTest]: using defaults.
01:46:04.944 [main] INFO org.springframework.boot.test.context.SpringBootTestContextBootstrapper - Loaded default TestExecutionListener class names from location [META-INF/spring.factories]: [org.springframework.boot.test.mock.mockito.MockitoTestExecutionListener, org.springframework.boot.test.mock.mockito.ResetMocksTestExecutionListener, org.springframework.boot.test.autoconfigure.restdocs.RestDocsTestExecutionListener, org.springframework.boot.test.autoconfigure.web.client.MockRestServiceServerResetTestExecutionListener, org.springframework.boot.test.autoconfigure.web.servlet.MockMvcPrintOnlyOnFailureTestExecutionListener, org.springframework.boot.test.autoconfigure.web.servlet.WebDriverTestExecutionListener, org.springframework.test.context.web.ServletTestExecutionListener, org.springframework.test.context.support.DirtiesContextBeforeModesTestExecutionListener, org.springframework.test.context.support.DependencyInjectionTestExecutionListener, org.springframework.test.context.support.DirtiesContextTestExecutionListener, org.springframework.test.context.transaction.TransactionalTestExecutionListener, org.springframework.test.context.jdbc.SqlScriptsTestExecutionListener]
01:46:04.967 [main] INFO org.springframework.boot.test.context.SpringBootTestContextBootstrapper - Using TestExecutionListeners: [org.springframework.test.context.web.ServletTestExecutionListener@f09733f, org.springframework.test.context.support.DirtiesContextBeforeModesTestExecutionListener@e350b40, org.springframework.boot.test.mock.mockito.MockitoTestExecutionListener@41a0aa7d, org.springframework.boot.test.autoconfigure.SpringBootDependencyInjectionTestExecutionListener@2794eab6, org.springframework.test.context.support.DirtiesContextTestExecutionListener@6340e5f0, org.springframework.test.context.transaction.TransactionalTestExecutionListener@45099dd3, org.springframework.test.context.jdbc.SqlScriptsTestExecutionListener@13e344d, org.springframework.boot.test.mock.mockito.ResetMocksTestExecutionListener@1ffaf86, org.springframework.boot.test.autoconfigure.restdocs.RestDocsTestExecutionListener@6574a52c, org.springframework.boot.test.autoconfigure.web.client.MockRestServiceServerResetTestExecutionListener@6c1a5b54, org.springframework.boot.test.autoconfigure.web.servlet.MockMvcPrintOnlyOnFailureTestExecutionListener@1c7696c6, org.springframework.boot.test.autoconfigure.web.servlet.WebDriverTestExecutionListener@60099951]
01:46:04.969 [main] DEBUG org.springframework.test.annotation.ProfileValueUtils - Retrieved @ProfileValueSourceConfiguration [null] for test class [com.xiaodao.order.message.MqSenderTest]
01:46:04.970 [main] DEBUG org.springframework.test.annotation.ProfileValueUtils - Retrieved ProfileValueSource type [class org.springframework.test.annotation.SystemProfileValueSource] for class [com.xiaodao.order.message.MqSenderTest]
01:46:04.972 [main] DEBUG org.springframework.test.annotation.ProfileValueUtils - Retrieved @ProfileValueSourceConfiguration [null] for test class [com.xiaodao.order.message.MqSenderTest]
01:46:04.972 [main] DEBUG org.springframework.test.annotation.ProfileValueUtils - Retrieved ProfileValueSource type [class org.springframework.test.annotation.SystemProfileValueSource] for class [com.xiaodao.order.message.MqSenderTest]
01:46:04.973 [main] DEBUG org.springframework.test.annotation.ProfileValueUtils - Retrieved @ProfileValueSourceConfiguration [null] for test class [com.xiaodao.order.message.MqSenderTest]
01:46:04.973 [main] DEBUG org.springframework.test.annotation.ProfileValueUtils - Retrieved ProfileValueSource type [class org.springframework.test.annotation.SystemProfileValueSource] for class [com.xiaodao.order.message.MqSenderTest]
01:46:04.977 [main] DEBUG org.springframework.test.context.support.AbstractDirtiesContextTestExecutionListener - Before test class: context [DefaultTestContext@53fe15ff testClass = MqSenderTest, testInstance = [null], testMethod = [null], testException = [null], mergedContextConfiguration = [WebMergedContextConfiguration@449a4f23 testClass = MqSenderTest, locations = '{}', classes = '{class com.xiaodao.order.MyrderApplication}', contextInitializerClasses = '[]', activeProfiles = '{}', propertySourceLocations = '{}', propertySourceProperties = '{org.springframework.boot.test.context.SpringBootTestContextBootstrapper=true}', contextCustomizers = set[org.springframework.boot.test.context.filter.ExcludeFilterContextCustomizer@22635ba0, org.springframework.boot.test.json.DuplicateJsonObjectContextCustomizerFactory$DuplicateJsonObjectContextCustomizer@6293abcc, org.springframework.boot.test.mock.mockito.MockitoContextCustomizer@0, org.springframework.boot.test.web.client.TestRestTemplateContextCustomizer@60dcc9fe, org.springframework.boot.test.autoconfigure.properties.PropertyMappingContextCustomizer@0, org.springframework.boot.test.autoconfigure.web.servlet.WebDriverContextCustomizerFactory$Customizer@6ce139a4], resourceBasePath = 'src/main/webapp', contextLoader = 'org.springframework.boot.test.context.SpringBootContextLoader', parent = [null]], attributes = map['org.springframework.test.context.web.ServletTestExecutionListener.activateListener' -> true]], class annotated with @DirtiesContext [false] with mode [null].
01:46:04.978 [main] DEBUG org.springframework.test.annotation.ProfileValueUtils - Retrieved @ProfileValueSourceConfiguration [null] for test class [com.xiaodao.order.message.MqSenderTest]
01:46:04.978 [main] DEBUG org.springframework.test.annotation.ProfileValueUtils - Retrieved ProfileValueSource type [class org.springframework.test.annotation.SystemProfileValueSource] for class [com.xiaodao.order.message.MqSenderTest]
01:46:05.013 [main] DEBUG org.springframework.test.context.support.TestPropertySourceUtils - Adding inlined properties to environment: {spring.jmx.enabled=false, org.springframework.boot.test.context.SpringBootTestContextBootstrapper=true, server.port=-1}
2018-12-13 01:46:06.415  INFO [order,,,] 19112 --- [           main] trationDelegate$BeanPostProcessorChecker : Bean 'org.springframework.cloud.autoconfigure.ConfigurationPropertiesRebinderAutoConfiguration' of type [org.springframework.cloud.autoconfigure.ConfigurationPropertiesRebinderAutoConfiguration$$EnhancerBySpringCGLIB$$1898132] is not eligible for getting processed by all BeanPostProcessors (for example: not eligible for auto-proxying)
2018-12-13 01:46:06.778  INFO [order,,,] 19112 --- [           main] o.s.c.n.eureka.InstanceInfoFactory       : Setting initial instance status as: STARTING
2018-12-13 01:46:06.891  INFO [order,,,] 19112 --- [           main] com.netflix.discovery.DiscoveryClient    : Initializing Eureka in region us-east-1
2018-12-13 01:46:07.356  INFO [order,,,] 19112 --- [           main] c.n.d.provider.DiscoveryJerseyProvider   : Using JSON encoding codec LegacyJacksonJson
2018-12-13 01:46:07.357  INFO [order,,,] 19112 --- [           main] c.n.d.provider.DiscoveryJerseyProvider   : Using JSON decoding codec LegacyJacksonJson
2018-12-13 01:46:07.527  INFO [order,,,] 19112 --- [           main] c.n.d.provider.DiscoveryJerseyProvider   : Using XML encoding codec XStreamXml
2018-12-13 01:46:07.527  INFO [order,,,] 19112 --- [           main] c.n.d.provider.DiscoveryJerseyProvider   : Using XML decoding codec XStreamXml
2018-12-13 01:46:07.909  INFO [order,,,] 19112 --- [           main] c.n.d.s.r.aws.ConfigClusterResolver      : Resolving eureka endpoints via configuration
2018-12-13 01:46:08.039  INFO [order,,,] 19112 --- [           main] com.netflix.discovery.DiscoveryClient    : Disable delta property : false
2018-12-13 01:46:08.042  INFO [order,,,] 19112 --- [           main] com.netflix.discovery.DiscoveryClient    : Single vip registry refresh property : null
2018-12-13 01:46:08.042  INFO [order,,,] 19112 --- [           main] com.netflix.discovery.DiscoveryClient    : Force full registry fetch : false
2018-12-13 01:46:08.043  INFO [order,,,] 19112 --- [           main] com.netflix.discovery.DiscoveryClient    : Application is null : false
2018-12-13 01:46:08.043  INFO [order,,,] 19112 --- [           main] com.netflix.discovery.DiscoveryClient    : Registered Applications size is zero : true
2018-12-13 01:46:08.044  INFO [order,,,] 19112 --- [           main] com.netflix.discovery.DiscoveryClient    : Application version is -1: true
2018-12-13 01:46:08.044  INFO [order,,,] 19112 --- [           main] com.netflix.discovery.DiscoveryClient    : Getting all instance registry info from the eureka server
2018-12-13 01:46:08.272  INFO [order,,,] 19112 --- [           main] com.netflix.discovery.DiscoveryClient    : The response status is 200
2018-12-13 01:46:08.276  INFO [order,,,] 19112 --- [           main] com.netflix.discovery.DiscoveryClient    : Not registering with Eureka server per configuration
2018-12-13 01:46:08.281  INFO [order,,,] 19112 --- [           main] com.netflix.discovery.DiscoveryClient    : Discovery Client initialized at timestamp 1544636768280 with initial instances count: 1

  .   ____          _            __ _ _
 /\\ / ___'_ __ _ _(_)_ __  __ _ \ \ \ \
( ( )\___ | '_ | '_| | '_ \/ _` | \ \ \ \
 \\/  ___)| |_)| | | | | || (_| |  ) ) ) )
  '  |____| .__|_| |_|_| |_\__, | / / / /
 =========|_|==============|___/=/_/_/_/
 :: Spring Boot ::  (v2.1.2.BUILD-SNAPSHOT)

2018-12-13 01:46:08.611  INFO [order,,,] 19112 --- [           main] c.c.c.ConfigServicePropertySourceLocator : Fetching config from server at : http://192.168.118.1:7001/
2018-12-13 01:46:10.222  INFO [order,,,] 19112 --- [           main] c.c.c.ConfigServicePropertySourceLocator : Located environment: name=order, profiles=[dev], label=null, version=c4aa91be3845a513482964923a1881715fc018a7, state=null
2018-12-13 01:46:10.222  INFO [order,,,] 19112 --- [           main] b.c.PropertySourceBootstrapConfiguration : Located property source: CompositePropertySource {name='configService', propertySources=[MapPropertySource {name='configClient'}, MapPropertySource {name='https://github.com/gaoleigreat/springcloudrepo.git/order-dev.yml'}, MapPropertySource {name='https://github.com/gaoleigreat/springcloudrepo.git/order.yml'}]}
2018-12-13 01:46:10.274  INFO [order,,,] 19112 --- [           main] com.xiaodao.order.message.MqSenderTest   : No active profile set, falling back to default profiles: default
2018-12-13 01:46:11.607  WARN [order,,,] 19112 --- [           main] o.s.boot.actuate.endpoint.EndpointId     : Endpoint ID 'bus-env' contains invalid characters, please migrate to a valid format.
2018-12-13 01:46:11.613  WARN [order,,,] 19112 --- [           main] o.s.boot.actuate.endpoint.EndpointId     : Endpoint ID 'bus-refresh' contains invalid characters, please migrate to a valid format.
2018-12-13 01:46:12.016  INFO [order,,,] 19112 --- [           main] .s.d.r.c.RepositoryConfigurationDelegate : Multiple Spring Data modules found, entering strict repository configuration mode!
2018-12-13 01:46:12.018  INFO [order,,,] 19112 --- [           main] .s.d.r.c.RepositoryConfigurationDelegate : Bootstrapping Spring Data repositories in DEFAULT mode.
2018-12-13 01:46:12.270  INFO [order,,,] 19112 --- [           main] .s.d.r.c.RepositoryConfigurationDelegate : Finished Spring Data repository scanning in 238ms. Found 2 repository interfaces.
2018-12-13 01:46:12.284  INFO [order,,,] 19112 --- [           main] .s.d.r.c.RepositoryConfigurationDelegate : Multiple Spring Data modules found, entering strict repository configuration mode!
2018-12-13 01:46:12.286  INFO [order,,,] 19112 --- [           main] .s.d.r.c.RepositoryConfigurationDelegate : Bootstrapping Spring Data repositories in DEFAULT mode.
2018-12-13 01:46:12.311  INFO [order,,,] 19112 --- [           main] .RepositoryConfigurationExtensionSupport : Spring Data Redis - Could not safely identify store assignment for repository candidate interface com.xiaodao.order.repository.OrderDetailRepository.
2018-12-13 01:46:12.311  INFO [order,,,] 19112 --- [           main] .RepositoryConfigurationExtensionSupport : Spring Data Redis - Could not safely identify store assignment for repository candidate interface com.xiaodao.order.repository.OrderMasterRepository.
2018-12-13 01:46:12.312  INFO [order,,,] 19112 --- [           main] .s.d.r.c.RepositoryConfigurationDelegate : Finished Spring Data repository scanning in 17ms. Found 0 repository interfaces.
2018-12-13 01:46:12.459  WARN [order,,,] 19112 --- [           main] o.s.boot.actuate.endpoint.EndpointId     : Endpoint ID 'service-registry' contains invalid characters, please migrate to a valid format.
2018-12-13 01:46:12.571  WARN [order,,,] 19112 --- [           main] o.s.boot.actuate.endpoint.EndpointId     : Endpoint ID 'hystrix.stream' contains invalid characters, please migrate to a valid format.
2018-12-13 01:46:13.257  INFO [order,,,] 19112 --- [           main] o.s.cloud.context.scope.GenericScope     : BeanFactory id=793c0cd6-52e6-3f93-bc88-21aa12b4f23b
2018-12-13 01:46:13.364  INFO [order,,,] 19112 --- [           main] faultConfiguringBeanFactoryPostProcessor : No bean named 'errorChannel' has been explicitly defined. Therefore, a default PublishSubscribeChannel will be created.
2018-12-13 01:46:13.372  INFO [order,,,] 19112 --- [           main] faultConfiguringBeanFactoryPostProcessor : No bean named 'taskScheduler' has been explicitly defined. Therefore, a default ThreadPoolTaskScheduler will be created.
2018-12-13 01:46:13.382  INFO [order,,,] 19112 --- [           main] faultConfiguringBeanFactoryPostProcessor : No bean named 'integrationHeaderChannelRegistry' has been explicitly defined. Therefore, a default DefaultHeaderChannelRegistry will be created.
2018-12-13 01:46:13.450  INFO [order,,,] 19112 --- [           main] trationDelegate$BeanPostProcessorChecker : Bean 'org.springframework.amqp.rabbit.annotation.RabbitBootstrapConfiguration' of type [org.springframework.amqp.rabbit.annotation.RabbitBootstrapConfiguration$$EnhancerBySpringCGLIB$$abdb3c63] is not eligible for getting processed by all BeanPostProcessors (for example: not eligible for auto-proxying)
2018-12-13 01:46:13.834  INFO [order,,,] 19112 --- [           main] trationDelegate$BeanPostProcessorChecker : Bean 'org.springframework.transaction.annotation.ProxyTransactionManagementConfiguration' of type [org.springframework.transaction.annotation.ProxyTransactionManagementConfiguration$$EnhancerBySpringCGLIB$$e56f7e35] is not eligible for getting processed by all BeanPostProcessors (for example: not eligible for auto-proxying)
2018-12-13 01:46:13.905  INFO [order,,,] 19112 --- [           main] trationDelegate$BeanPostProcessorChecker : Bean 'integrationDisposableAutoCreatedBeans' of type [org.springframework.integration.config.annotation.Disposables] is not eligible for getting processed by all BeanPostProcessors (for example: not eligible for auto-proxying)
2018-12-13 01:46:14.003  INFO [order,,,] 19112 --- [           main] trationDelegate$BeanPostProcessorChecker : Bean 'org.springframework.integration.config.IntegrationManagementConfiguration' of type [org.springframework.integration.config.IntegrationManagementConfiguration$$EnhancerBySpringCGLIB$$50613964] is not eligible for getting processed by all BeanPostProcessors (for example: not eligible for auto-proxying)
2018-12-13 01:46:14.095  INFO [order,,,] 19112 --- [           main] trationDelegate$BeanPostProcessorChecker : Bean 'org.springframework.cloud.autoconfigure.ConfigurationPropertiesRebinderAutoConfiguration' of type [org.springframework.cloud.autoconfigure.ConfigurationPropertiesRebinderAutoConfiguration$$EnhancerBySpringCGLIB$$1898132] is not eligible for getting processed by all BeanPostProcessors (for example: not eligible for auto-proxying)
2018-12-13 01:46:14.948  INFO [order,,,] 19112 --- [           main] com.zaxxer.hikari.HikariDataSource       : HikariPool-1 - Starting...
2018-12-13 01:46:16.264  INFO [order,,,] 19112 --- [           main] com.zaxxer.hikari.HikariDataSource       : HikariPool-1 - Start completed.
2018-12-13 01:46:16.409  INFO [order,,,] 19112 --- [           main] o.hibernate.jpa.internal.util.LogHelper  : HHH000204: Processing PersistenceUnitInfo [
	name: default
	...]
2018-12-13 01:46:16.531  INFO [order,,,] 19112 --- [           main] org.hibernate.Version                    : HHH000412: Hibernate Core {5.3.7.Final}
2018-12-13 01:46:16.532  INFO [order,,,] 19112 --- [           main] org.hibernate.cfg.Environment            : HHH000206: hibernate.properties not found
2018-12-13 01:46:16.757  INFO [order,,,] 19112 --- [           main] o.hibernate.annotations.common.Version   : HCANN000001: Hibernate Commons Annotations {5.0.4.Final}
2018-12-13 01:46:17.076  INFO [order,,,] 19112 --- [           main] org.hibernate.dialect.Dialect            : HHH000400: Using dialect: org.hibernate.dialect.MySQL5Dialect
2018-12-13 01:46:18.195  INFO [order,,,] 19112 --- [           main] j.LocalContainerEntityManagerFactoryBean : Initialized JPA EntityManagerFactory for persistence unit 'default'
2018-12-13 01:46:20.396  WARN [order,,,] 19112 --- [           main] c.n.c.sources.URLConfigurationSource     : No URLs will be polled as dynamic configuration sources.
2018-12-13 01:46:20.396  INFO [order,,,] 19112 --- [           main] c.n.c.sources.URLConfigurationSource     : To enable URLs as dynamic configuration sources, define System property archaius.configurationSource.additionalUrls or make config.properties available on classpath.
2018-12-13 01:46:21.024  INFO [order,,,] 19112 --- [           main] c.netflix.config.DynamicPropertyFactory  : DynamicPropertyFactory is initialized with configuration sources: com.netflix.config.ConcurrentCompositeConfiguration@14f03f2
2018-12-13 01:46:21.332  INFO [order,,,] 19112 --- [           main] o.s.s.c.ThreadPoolTaskScheduler          : Initializing ExecutorService 'taskScheduler'
2018-12-13 01:46:24.366  WARN [order,,,] 19112 --- [           main] c.n.c.sources.URLConfigurationSource     : No URLs will be polled as dynamic configuration sources.
2018-12-13 01:46:24.366  INFO [order,,,] 19112 --- [           main] c.n.c.sources.URLConfigurationSource     : To enable URLs as dynamic configuration sources, define System property archaius.configurationSource.additionalUrls or make config.properties available on classpath.
2018-12-13 01:46:24.834  INFO [order,,,] 19112 --- [           main] o.s.s.concurrent.ThreadPoolTaskExecutor  : Initializing ExecutorService 'applicationTaskExecutor'
2018-12-13 01:46:24.960  WARN [order,,,] 19112 --- [           main] aWebConfiguration$JpaWebMvcConfiguration : spring.jpa.open-in-view is enabled by default. Therefore, database queries may be performed during view rendering. Explicitly configure spring.jpa.open-in-view to disable this warning
2018-12-13 01:46:30.092  INFO [order,,,] 19112 --- [           main] com.netflix.discovery.DiscoveryClient    : Shutting down DiscoveryClient ...
2018-12-13 01:46:30.117  INFO [order,,,] 19112 --- [           main] com.netflix.discovery.DiscoveryClient    : Completed shut down of DiscoveryClient
2018-12-13 01:46:30.366  INFO [order,,,] 19112 --- [           main] o.s.b.a.e.web.EndpointLinksResolver      : Exposing 25 endpoint(s) beneath base path '/actuator'
2018-12-13 01:46:30.661  INFO [order,,,] 19112 --- [           main] o.s.c.s.m.DirectWithAttributesChannel    : Channel 'order-1.springCloudBusInput' has 1 subscriber(s).
2018-12-13 01:46:30.661  INFO [order,,,] 19112 --- [           main] o.s.c.s.m.DirectWithAttributesChannel    : Channel 'order-1.myMessage1' has 1 subscriber(s).
2018-12-13 01:46:30.662  INFO [order,,,] 19112 --- [           main] o.s.c.s.m.DirectWithAttributesChannel    : Channel 'order-1.myMessage' has 1 subscriber(s).
2018-12-13 01:46:30.719  INFO [order,,,] 19112 --- [           main] o.s.i.endpoint.EventDrivenConsumer       : Adding {logging-channel-adapter:_org.springframework.integration.errorLogger} as a subscriber to the 'errorChannel' channel
2018-12-13 01:46:30.719  INFO [order,,,] 19112 --- [           main] o.s.i.channel.PublishSubscribeChannel    : Channel 'order-1.errorChannel' has 1 subscriber(s).
2018-12-13 01:46:30.720  INFO [order,,,] 19112 --- [           main] o.s.i.endpoint.EventDrivenConsumer       : started _org.springframework.integration.errorLogger
2018-12-13 01:46:30.808  INFO [order,,,] 19112 --- [           main] o.s.c.s.m.DirectWithAttributesChannel    : Channel 'order-1.springCloudBusOutput' has 1 subscriber(s).
2018-12-13 01:46:30.828  INFO [order,,,] 19112 --- [           main] o.s.c.n.eureka.InstanceInfoFactory       : Setting initial instance status as: STARTING
2018-12-13 01:46:30.839  INFO [order,,,] 19112 --- [           main] com.netflix.discovery.DiscoveryClient    : Initializing Eureka in region us-east-1
2018-12-13 01:46:30.842  INFO [order,,,] 19112 --- [           main] c.n.d.provider.DiscoveryJerseyProvider   : Using JSON encoding codec LegacyJacksonJson
2018-12-13 01:46:30.843  INFO [order,,,] 19112 --- [           main] c.n.d.provider.DiscoveryJerseyProvider   : Using JSON decoding codec LegacyJacksonJson
2018-12-13 01:46:30.844  INFO [order,,,] 19112 --- [           main] c.n.d.provider.DiscoveryJerseyProvider   : Using XML encoding codec XStreamXml
2018-12-13 01:46:30.844  INFO [order,,,] 19112 --- [           main] c.n.d.provider.DiscoveryJerseyProvider   : Using XML decoding codec XStreamXml
2018-12-13 01:46:30.931  INFO [order,,,] 19112 --- [           main] c.n.d.s.r.aws.ConfigClusterResolver      : Resolving eureka endpoints via configuration
2018-12-13 01:46:30.934  INFO [order,,,] 19112 --- [           main] com.netflix.discovery.DiscoveryClient    : Disable delta property : false
2018-12-13 01:46:30.934  INFO [order,,,] 19112 --- [           main] com.netflix.discovery.DiscoveryClient    : Single vip registry refresh property : null
2018-12-13 01:46:30.934  INFO [order,,,] 19112 --- [           main] com.netflix.discovery.DiscoveryClient    : Force full registry fetch : false
2018-12-13 01:46:30.934  INFO [order,,,] 19112 --- [           main] com.netflix.discovery.DiscoveryClient    : Application is null : false
2018-12-13 01:46:30.935  INFO [order,,,] 19112 --- [           main] com.netflix.discovery.DiscoveryClient    : Registered Applications size is zero : true
2018-12-13 01:46:30.935  INFO [order,,,] 19112 --- [           main] com.netflix.discovery.DiscoveryClient    : Application version is -1: true
2018-12-13 01:46:30.935  INFO [order,,,] 19112 --- [           main] com.netflix.discovery.DiscoveryClient    : Getting all instance registry info from the eureka server
2018-12-13 01:46:30.941  INFO [order,,,] 19112 --- [           main] com.netflix.discovery.DiscoveryClient    : The response status is 200
2018-12-13 01:46:30.942  INFO [order,,,] 19112 --- [           main] com.netflix.discovery.DiscoveryClient    : Starting heartbeat executor: renew interval is: 30
2018-12-13 01:46:30.946  INFO [order,,,] 19112 --- [           main] c.n.discovery.InstanceInfoReplicator     : InstanceInfoReplicator onDemand update allowed rate per min is 4
2018-12-13 01:46:30.947  INFO [order,,,] 19112 --- [           main] com.netflix.discovery.DiscoveryClient    : Discovery Client initialized at timestamp 1544636790947 with initial instances count: 1
2018-12-13 01:46:30.958  INFO [order,,,] 19112 --- [           main] o.s.c.n.e.s.EurekaServiceRegistry        : Registering application ORDER with eureka with status UP
2018-12-13 01:46:30.959  INFO [order,,,] 19112 --- [           main] com.netflix.discovery.DiscoveryClient    : Saw local status change event StatusChangeEvent [timestamp=1544636790959, current=UP, previous=STARTING]
2018-12-13 01:46:30.962  INFO [order,,,] 19112 --- [nfoReplicator-0] com.netflix.discovery.DiscoveryClient    : DiscoveryClient_ORDER/192.168.118.1:order:7003: registering service...
2018-12-13 01:46:30.985  INFO [order,,,] 19112 --- [           main] o.s.a.r.c.CachingConnectionFactory       : Attempting to connect to: [119.29.199.151:5672]
2018-12-13 01:46:31.014  INFO [order,,,] 19112 --- [nfoReplicator-0] com.netflix.discovery.DiscoveryClient    : DiscoveryClient_ORDER/192.168.118.1:order:7003 - registration status: 204
2018-12-13 01:46:31.252  INFO [order,,,] 19112 --- [           main] o.s.a.r.c.CachingConnectionFactory       : Created new connection: rabbitConnectionFactory#404a7c61:0/SimpleConnection@774f2d7f [delegate=amqp://guest@119.29.199.151:5672/, localPort= 12788]
2018-12-13 01:46:32.724  INFO [order,,,] 19112 --- [           main] com.xiaodao.order.message.MqSenderTest   : Started MqSenderTest in 27.687 seconds (JVM running for 28.893)
2018-12-13 01:46:32.820 ERROR [order,,,] 19112 --- [           main] o.s.test.context.TestContextManager      : Caught exception while allowing TestExecutionListener [org.springframework.boot.test.autoconfigure.SpringBootDependencyInjectionTestExecutionListener@2794eab6] to prepare test instance [com.xiaodao.order.message.MqSenderTest@6e975866]

org.springframework.beans.factory.UnsatisfiedDependencyException: Error creating bean with name 'com.xiaodao.order.message.MqSenderTest': Unsatisfied dependency expressed through field 'myMessage'; nested exception is org.springframework.beans.factory.NoSuchBeanDefinitionException: No qualifying bean of type 'com.xiaodao.order.message.StreamClient' available: expected at least 1 bean which qualifies as autowire candidate. Dependency annotations: {@org.springframework.beans.factory.annotation.Autowired(required=true), @org.springframework.beans.factory.annotation.Qualifier(value=myMessage)}
	at org.springframework.beans.factory.annotation.AutowiredAnnotationBeanPostProcessor$AutowiredFieldElement.inject(AutowiredAnnotationBeanPostProcessor.java:596) ~[spring-beans-5.1.3.RELEASE.jar:5.1.3.RELEASE]
	at org.springframework.beans.factory.annotation.InjectionMetadata.inject(InjectionMetadata.java:90) ~[spring-beans-5.1.3.RELEASE.jar:5.1.3.RELEASE]
	at org.springframework.beans.factory.annotation.AutowiredAnnotationBeanPostProcessor.postProcessProperties(AutowiredAnnotationBeanPostProcessor.java:374) ~[spring-beans-5.1.3.RELEASE.jar:5.1.3.RELEASE]
	at org.springframework.beans.factory.support.AbstractAutowireCapableBeanFactory.populateBean(AbstractAutowireCapableBeanFactory.java:1378) ~[spring-beans-5.1.3.RELEASE.jar:5.1.3.RELEASE]
	at org.springframework.beans.factory.support.AbstractAutowireCapableBeanFactory.autowireBeanProperties(AbstractAutowireCapableBeanFactory.java:396) ~[spring-beans-5.1.3.RELEASE.jar:5.1.3.RELEASE]
	at org.springframework.test.context.support.DependencyInjectionTestExecutionListener.injectDependencies(DependencyInjectionTestExecutionListener.java:119) ~[spring-test-5.1.3.RELEASE.jar:5.1.3.RELEASE]
	at org.springframework.test.context.support.DependencyInjectionTestExecutionListener.prepareTestInstance(DependencyInjectionTestExecutionListener.java:83) ~[spring-test-5.1.3.RELEASE.jar:5.1.3.RELEASE]
	at org.springframework.boot.test.autoconfigure.SpringBootDependencyInjectionTestExecutionListener.prepareTestInstance(SpringBootDependencyInjectionTestExecutionListener.java:44) ~[spring-boot-test-autoconfigure-2.1.2.BUILD-SNAPSHOT.jar:2.1.2.BUILD-SNAPSHOT]
	at org.springframework.test.context.TestContextManager.prepareTestInstance(TestContextManager.java:246) ~[spring-test-5.1.3.RELEASE.jar:5.1.3.RELEASE]
	at org.springframework.test.context.junit4.SpringJUnit4ClassRunner.createTest(SpringJUnit4ClassRunner.java:227) [spring-test-5.1.3.RELEASE.jar:5.1.3.RELEASE]
	at org.springframework.test.context.junit4.SpringJUnit4ClassRunner$1.runReflectiveCall(SpringJUnit4ClassRunner.java:289) [spring-test-5.1.3.RELEASE.jar:5.1.3.RELEASE]
	at org.junit.internal.runners.model.ReflectiveCallable.run(ReflectiveCallable.java:12) [junit-4.12.jar:4.12]
	at org.springframework.test.context.junit4.SpringJUnit4ClassRunner.methodBlock(SpringJUnit4ClassRunner.java:291) [spring-test-5.1.3.RELEASE.jar:5.1.3.RELEASE]
	at org.springframework.test.context.junit4.SpringJUnit4ClassRunner.runChild(SpringJUnit4ClassRunner.java:246) [spring-test-5.1.3.RELEASE.jar:5.1.3.RELEASE]
	at org.springframework.test.context.junit4.SpringJUnit4ClassRunner.runChild(SpringJUnit4ClassRunner.java:97) [spring-test-5.1.3.RELEASE.jar:5.1.3.RELEASE]
	at org.junit.runners.ParentRunner$3.run(ParentRunner.java:290) [junit-4.12.jar:4.12]
	at org.junit.runners.ParentRunner$1.schedule(ParentRunner.java:71) [junit-4.12.jar:4.12]
	at org.junit.runners.ParentRunner.runChildren(ParentRunner.java:288) [junit-4.12.jar:4.12]
	at org.junit.runners.ParentRunner.access$000(ParentRunner.java:58) [junit-4.12.jar:4.12]
	at org.junit.runners.ParentRunner$2.evaluate(ParentRunner.java:268) [junit-4.12.jar:4.12]
	at org.springframework.test.context.junit4.statements.RunBeforeTestClassCallbacks.evaluate(RunBeforeTestClassCallbacks.java:61) [spring-test-5.1.3.RELEASE.jar:5.1.3.RELEASE]
	at org.springframework.test.context.junit4.statements.RunAfterTestClassCallbacks.evaluate(RunAfterTestClassCallbacks.java:70) [spring-test-5.1.3.RELEASE.jar:5.1.3.RELEASE]
	at org.junit.runners.ParentRunner.run(ParentRunner.java:363) [junit-4.12.jar:4.12]
	at org.springframework.test.context.junit4.SpringJUnit4ClassRunner.run(SpringJUnit4ClassRunner.java:190) [spring-test-5.1.3.RELEASE.jar:5.1.3.RELEASE]
	at org.apache.maven.surefire.junit4.JUnit4Provider.execute(JUnit4Provider.java:365) [surefire-junit4-2.22.1.jar:2.22.1]
	at org.apache.maven.surefire.junit4.JUnit4Provider.executeWithRerun(JUnit4Provider.java:273) [surefire-junit4-2.22.1.jar:2.22.1]
	at org.apache.maven.surefire.junit4.JUnit4Provider.executeTestSet(JUnit4Provider.java:238) [surefire-junit4-2.22.1.jar:2.22.1]
	at org.apache.maven.surefire.junit4.JUnit4Provider.invoke(JUnit4Provider.java:159) [surefire-junit4-2.22.1.jar:2.22.1]
	at org.apache.maven.surefire.booter.ForkedBooter.invokeProviderInSameClassLoader(ForkedBooter.java:384) [surefire-booter-2.22.1.jar:2.22.1]
	at org.apache.maven.surefire.booter.ForkedBooter.runSuitesInProcess(ForkedBooter.java:345) [surefire-booter-2.22.1.jar:2.22.1]
	at org.apache.maven.surefire.booter.ForkedBooter.execute(ForkedBooter.java:126) [surefire-booter-2.22.1.jar:2.22.1]
	at org.apache.maven.surefire.booter.ForkedBooter.main(ForkedBooter.java:418) [surefire-booter-2.22.1.jar:2.22.1]
Caused by: org.springframework.beans.factory.NoSuchBeanDefinitionException: No qualifying bean of type 'com.xiaodao.order.message.StreamClient' available: expected at least 1 bean which qualifies as autowire candidate. Dependency annotations: {@org.springframework.beans.factory.annotation.Autowired(required=true), @org.springframework.beans.factory.annotation.Qualifier(value=myMessage)}
	at org.springframework.beans.factory.support.DefaultListableBeanFactory.raiseNoMatchingBeanFound(DefaultListableBeanFactory.java:1644) ~[spring-beans-5.1.3.RELEASE.jar:5.1.3.RELEASE]
	at org.springframework.beans.factory.support.DefaultListableBeanFactory.doResolveDependency(DefaultListableBeanFactory.java:1203) ~[spring-beans-5.1.3.RELEASE.jar:5.1.3.RELEASE]
	at org.springframework.beans.factory.support.DefaultListableBeanFactory.resolveDependency(DefaultListableBeanFactory.java:1164) ~[spring-beans-5.1.3.RELEASE.jar:5.1.3.RELEASE]
	at org.springframework.beans.factory.annotation.AutowiredAnnotationBeanPostProcessor$AutowiredFieldElement.inject(AutowiredAnnotationBeanPostProcessor.java:593) ~[spring-beans-5.1.3.RELEASE.jar:5.1.3.RELEASE]
	... 31 common frames omitted

]]></system-out>
    <system-err><![CDATA[


============================
CONDITIONS EVALUATION REPORT
============================


Positive matches:
-----------------

   AopAutoConfiguration matched:
      - @ConditionalOnClass found required classes 'org.springframework.context.annotation.EnableAspectJAutoProxy', 'org.aspectj.lang.annotation.Aspect', 'org.aspectj.lang.reflect.Advice', 'org.aspectj.weaver.AnnotatedElement' (OnClassCondition)
      - @ConditionalOnProperty (spring.aop.auto=true) matched (OnPropertyCondition)

   AopAutoConfiguration.CglibAutoProxyConfiguration matched:
      - @ConditionalOnProperty (spring.aop.proxy-target-class=true) matched (OnPropertyCondition)

   ArchaiusAutoConfiguration matched:
      - @ConditionalOnClass found required classes 'com.netflix.config.ConcurrentCompositeConfiguration', 'org.apache.commons.configuration.ConfigurationBuilder' (OnClassCondition)

   ArchaiusAutoConfiguration.ArchaiusEndpointConfiguration matched:
      - @ConditionalOnClass found required class 'org.springframework.boot.actuate.health.Health' (OnClassCondition)

   ArchaiusAutoConfiguration.ArchaiusEndpointConfiguration#archaiusEndpoint matched:
      - @ConditionalOnEnabledEndpoint no property management.endpoint.archaius.enabled found so using endpoint default (OnEnabledEndpointCondition)

   ArchaiusAutoConfiguration.PropagateEventsConfiguration matched:
      - @ConditionalOnClass found required class 'org.springframework.cloud.context.environment.EnvironmentChangeEvent' (OnClassCondition)
      - @ConditionalOnProperty (archaius.propagate.environmentChangedEvent) matched (OnPropertyCondition)

   AsyncDefaultAutoConfiguration matched:
      - @ConditionalOnProperty (spring.sleuth.async.enabled) matched (OnPropertyCondition)
      - @ConditionalOnBean (types: brave.Tracing; SearchStrategy: all) found bean 'tracing' (OnBeanCondition)

   AsyncDefaultAutoConfiguration.DefaultAsyncConfigurerSupport matched:
      - @ConditionalOnProperty (spring.sleuth.async.configurer.enabled) matched (OnPropertyCondition)
      - @ConditionalOnMissingBean (types: org.springframework.scheduling.annotation.AsyncConfigurer; SearchStrategy: all) did not find any beans (OnBeanCondition)

   AsyncLoadBalancerAutoConfiguration matched:
      - @ConditionalOnClass found required class 'org.springframework.web.client.AsyncRestTemplate' (OnClassCondition)
      - @ConditionalOnBean (types: org.springframework.cloud.client.loadbalancer.LoadBalancerClient; SearchStrategy: all) found bean 'loadBalancerClient' (OnBeanCondition)

   AuditAutoConfiguration#auditListener matched:
      - @ConditionalOnMissingBean (types: org.springframework.boot.actuate.audit.listener.AbstractAuditListener; SearchStrategy: all) did not find any beans (OnBeanCondition)

   AuditAutoConfiguration.AuditEventRepositoryConfiguration matched:
      - @ConditionalOnMissingBean (types: org.springframework.boot.actuate.audit.AuditEventRepository; SearchStrategy: all) did not find any beans (OnBeanCondition)

   AuditEventsEndpointAutoConfiguration#auditEventsEndpoint matched:
      - @ConditionalOnBean (types: org.springframework.boot.actuate.audit.AuditEventRepository; SearchStrategy: all) found bean 'auditEventRepository'; @ConditionalOnMissingBean (types: org.springframework.boot.actuate.audit.AuditEventsEndpoint; SearchStrategy: all) did not find any beans (OnBeanCondition)
      - @ConditionalOnEnabledEndpoint no property management.endpoint.auditevents.enabled found so using endpoint default (OnEnabledEndpointCondition)

   AutoServiceRegistrationAutoConfiguration matched:
      - @ConditionalOnProperty (spring.cloud.service-registry.auto-registration.enabled) matched (OnPropertyCondition)

   AutoServiceRegistrationConfiguration matched:
      - @ConditionalOnProperty (spring.cloud.service-registry.auto-registration.enabled) matched (OnPropertyCondition)

   BeansEndpointAutoConfiguration#beansEndpoint matched:
      - @ConditionalOnMissingBean (types: org.springframework.boot.actuate.beans.BeansEndpoint; SearchStrategy: all) did not find any beans (OnBeanCondition)
      - @ConditionalOnEnabledEndpoint no property management.endpoint.beans.enabled found so using endpoint default (OnEnabledEndpointCondition)

   BindersHealthIndicatorAutoConfiguration matched:
      - @ConditionalOnClass found required class 'org.springframework.boot.actuate.health.HealthIndicator' (OnClassCondition)
      - @ConditionalOnEnabledHealthIndicator management.health.defaults.enabled is considered true (OnEnabledHealthIndicatorCondition)
      - @ConditionalOnBean (types: org.springframework.cloud.stream.binder.BinderFactory; SearchStrategy: all) found bean 'binderFactory' (OnBeanCondition)

   BindersHealthIndicatorAutoConfiguration#bindersHealthIndicator matched:
      - @ConditionalOnMissingBean (names: bindersHealthIndicator; SearchStrategy: all) did not find any beans (OnBeanCondition)

   BindingServiceConfiguration matched:
      - @ConditionalOnBean (types: org.springframework.cloud.stream.binder.BinderTypeRegistry; SearchStrategy: current) found bean 'binderTypeRegistry' (OnBeanCondition)

   BindingServiceConfiguration#binderAwareRouterBeanPostProcessor matched:
      - @ConditionalOnMissingBean (types: org.springframework.cloud.stream.binding.BinderAwareRouterBeanPostProcessor; SearchStrategy: all) did not find any beans (OnBeanCondition)

   BindingServiceConfiguration#bindingService matched:
      - @ConditionalOnMissingBean (types: org.springframework.cloud.stream.binding.BindingService; SearchStrategy: current) did not find any beans (OnBeanCondition)

   BindingServiceConfiguration#streamListenerAnnotationBeanPostProcessor matched:
      - @ConditionalOnMissingBean (types: org.springframework.cloud.stream.binding.StreamListenerAnnotationBeanPostProcessor; SearchStrategy: current) did not find any beans (OnBeanCondition)

   BindingsEndpointAutoConfiguration matched:
      - @ConditionalOnClass found required class 'org.springframework.boot.actuate.endpoint.annotation.Endpoint' (OnClassCondition)
      - @ConditionalOnBean (types: org.springframework.cloud.stream.binding.BindingService; SearchStrategy: all) found bean 'bindingService' (OnBeanCondition)

   BusAutoConfiguration matched:
      - @ConditionalOnProperty (spring.cloud.bus.enabled) matched (OnPropertyCondition)

   BusAutoConfiguration#refreshListener matched:
      - @ConditionalOnProperty (spring.cloud.bus.refresh.enabled) matched (OnPropertyCondition)
      - @ConditionalOnBean (types: org.springframework.cloud.context.refresh.ContextRefresher; SearchStrategy: all) found bean 'contextRefresher' (OnBeanCondition)

   BusAutoConfiguration.BusEnvironmentConfiguration matched:
      - @ConditionalOnClass found required class 'org.springframework.cloud.context.environment.EnvironmentManager' (OnClassCondition)
      - @ConditionalOnBean (types: org.springframework.cloud.context.environment.EnvironmentManager; SearchStrategy: all) found bean 'environmentManager' (OnBeanCondition)

   BusAutoConfiguration.BusEnvironmentConfiguration#environmentChangeListener matched:
      - @ConditionalOnProperty (spring.cloud.bus.env.enabled) matched (OnPropertyCondition)

   BusAutoConfiguration.BusEnvironmentConfiguration.EnvironmentBusEndpointConfiguration matched:
      - @ConditionalOnClass found required class 'org.springframework.boot.actuate.endpoint.annotation.Endpoint' (OnClassCondition)

   BusAutoConfiguration.BusEnvironmentConfiguration.EnvironmentBusEndpointConfiguration#environmentBusEndpoint matched:
      - @ConditionalOnEnabledEndpoint no property management.endpoint.bus-env.enabled found so using endpoint default (OnEnabledEndpointCondition)

   BusAutoConfiguration.BusRefreshConfiguration matched:
      - @ConditionalOnClass found required classes 'org.springframework.boot.actuate.endpoint.annotation.Endpoint', 'org.springframework.cloud.context.scope.refresh.RefreshScope' (OnClassCondition)

   BusAutoConfiguration.BusRefreshConfiguration.BusRefreshEndpointConfiguration matched:
      - @ConditionalOnBean (types: org.springframework.cloud.context.refresh.ContextRefresher; SearchStrategy: all) found bean 'contextRefresher' (OnBeanCondition)

   BusAutoConfiguration.BusRefreshConfiguration.BusRefreshEndpointConfiguration#refreshBusEndpoint matched:
      - @ConditionalOnEnabledEndpoint no property management.endpoint.bus-refresh.enabled found so using endpoint default (OnEnabledEndpointCondition)

   BusAutoConfiguration.MatcherConfiguration#busPathMatcher matched:
      - @ConditionalOnMissingBean (names: busPathMatcher; SearchStrategy: all) did not find any beans (OnBeanCondition)

   BusJacksonAutoConfiguration matched:
      - @ConditionalOnClass found required classes 'org.springframework.cloud.bus.endpoint.RefreshBusEndpoint', 'com.fasterxml.jackson.databind.ObjectMapper' (OnClassCondition)
      - @ConditionalOnProperty (spring.cloud.bus.enabled) matched (OnPropertyCondition)

   BusJacksonAutoConfiguration#busJsonConverter matched:
      - @ConditionalOnMissingBean (names: busJsonConverter; SearchStrategy: all) did not find any beans (OnBeanCondition)

   CacheMeterBinderProvidersConfiguration matched:
      - @ConditionalOnClass found required class 'io.micrometer.core.instrument.binder.MeterBinder' (OnClassCondition)

   CachesEndpointAutoConfiguration matched:
      - @ConditionalOnClass found required class 'org.springframework.cache.CacheManager' (OnClassCondition)

   CachesEndpointAutoConfiguration#cachesEndpoint matched:
      - @ConditionalOnMissingBean (types: org.springframework.boot.actuate.cache.CachesEndpoint; SearchStrategy: all) did not find any beans (OnBeanCondition)
      - @ConditionalOnEnabledEndpoint no property management.endpoint.caches.enabled found so using endpoint default (OnEnabledEndpointCondition)

   CachesEndpointAutoConfiguration#cachesEndpointWebExtension matched:
      - @ConditionalOnBean (types: org.springframework.boot.actuate.cache.CachesEndpoint; SearchStrategy: all) found bean 'cachesEndpoint'; @ConditionalOnMissingBean (types: org.springframework.boot.actuate.cache.CachesEndpointWebExtension; SearchStrategy: all) did not find any beans (OnBeanCondition)
      - @ConditionalOnEnabledEndpoint no property management.endpoint.caches.enabled found so using endpoint default (OnEnabledEndpointCondition)

   ChannelBindingAutoConfiguration matched:
      - @ConditionalOnBean (types: org.springframework.cloud.stream.binding.BindingService; SearchStrategy: all) found bean 'bindingService' (OnBeanCondition)

   ChannelBindingAutoConfiguration#defaultPoller matched:
      - @ConditionalOnMissingBean (types: org.springframework.integration.scheduling.PollerMetadata; SearchStrategy: all) did not find any beans (OnBeanCondition)

   ChannelsEndpointAutoConfiguration matched:
      - @ConditionalOnClass found required class 'org.springframework.boot.actuate.endpoint.annotation.Endpoint' (OnClassCondition)
      - @ConditionalOnBean (types: org.springframework.cloud.stream.binding.BindingService; SearchStrategy: all) found bean 'bindingService' (OnBeanCondition)

   CodecsAutoConfiguration matched:
      - @ConditionalOnClass found required class 'org.springframework.http.codec.CodecConfigurer' (OnClassCondition)

   CodecsAutoConfiguration.JacksonCodecConfiguration matched:
      - @ConditionalOnClass found required class 'com.fasterxml.jackson.databind.ObjectMapper' (OnClassCondition)

   CodecsAutoConfiguration.JacksonCodecConfiguration#jacksonCodecCustomizer matched:
      - @ConditionalOnBean (types: com.fasterxml.jackson.databind.ObjectMapper; SearchStrategy: all) found bean 'jacksonObjectMapper' (OnBeanCondition)

   CommonsClientAutoConfiguration.ActuatorConfiguration matched:
      - @ConditionalOnClass found required class 'org.springframework.boot.actuate.endpoint.annotation.Endpoint' (OnClassCondition)
      - @ConditionalOnProperty (spring.cloud.features.enabled) matched (OnPropertyCondition)

   CommonsClientAutoConfiguration.ActuatorConfiguration#featuresEndpoint matched:
      - @ConditionalOnEnabledEndpoint no property management.endpoint.features.enabled found so using endpoint default (OnEnabledEndpointCondition)

   CommonsClientAutoConfiguration.DiscoveryLoadBalancerConfiguration matched:
      - @ConditionalOnClass found required class 'org.springframework.boot.actuate.health.HealthIndicator' (OnClassCondition)
      - @ConditionalOnProperty (spring.cloud.discovery.enabled) matched (OnPropertyCondition)
      - @ConditionalOnBean (types: org.springframework.cloud.client.discovery.DiscoveryClient; SearchStrategy: all) found bean 'discoveryClient' (OnBeanCondition)

   CommonsClientAutoConfiguration.DiscoveryLoadBalancerConfiguration#discoveryClientHealthIndicator matched:
      - @ConditionalOnProperty (spring.cloud.discovery.client.health-indicator.enabled) matched (OnPropertyCondition)

   CommonsClientAutoConfiguration.DiscoveryLoadBalancerConfiguration#discoveryCompositeHealthIndicator matched:
      - @ConditionalOnProperty (spring.cloud.discovery.client.composite-indicator.enabled) matched (OnPropertyCondition)
      - @ConditionalOnBean (types: org.springframework.cloud.client.discovery.health.DiscoveryHealthIndicator,org.springframework.boot.actuate.health.HealthAggregator; SearchStrategy: all) found beans 'discoveryClientHealthIndicator', 'eurekaHealthIndicator', 'healthAggregator' (OnBeanCondition)

   CompatibilityVerifierAutoConfiguration matched:
      - @ConditionalOnProperty (spring.cloud.compatibility-verifier.enabled) matched (OnPropertyCondition)

   CompositeMeterRegistryAutoConfiguration matched:
      - @ConditionalOnClass found required class 'io.micrometer.core.instrument.composite.CompositeMeterRegistry' (OnClassCondition)

   ConditionsReportEndpointAutoConfiguration#conditionsReportEndpoint matched:
      - @ConditionalOnMissingBean (types: org.springframework.boot.actuate.autoconfigure.condition.ConditionsReportEndpoint; SearchStrategy: current) did not find any beans (OnBeanCondition)
      - @ConditionalOnEnabledEndpoint no property management.endpoint.conditions.enabled found so using endpoint default (OnEnabledEndpointCondition)

   ConfigClientAutoConfiguration.ConfigServerHealthIndicatorConfiguration matched:
      - @ConditionalOnClass found required class 'org.springframework.boot.actuate.health.HealthIndicator' (OnClassCondition)
      - @ConditionalOnProperty (health.config.enabled) matched (OnPropertyCondition)
      - @ConditionalOnBean (types: org.springframework.cloud.config.client.ConfigServicePropertySourceLocator; SearchStrategy: all) found bean 'configServicePropertySource' (OnBeanCondition)

   ConfigurationPropertiesRebinderAutoConfiguration matched:
      - @ConditionalOnBean (types: org.springframework.boot.context.properties.ConfigurationPropertiesBindingPostProcessor; SearchStrategy: all) found bean 'org.springframework.boot.context.properties.ConfigurationPropertiesBindingPostProcessor' (OnBeanCondition)

   ConfigurationPropertiesRebinderAutoConfiguration#configurationPropertiesBeans matched:
      - @ConditionalOnMissingBean (types: org.springframework.cloud.context.properties.ConfigurationPropertiesBeans; SearchStrategy: current) did not find any beans (OnBeanCondition)

   ConfigurationPropertiesRebinderAutoConfiguration#configurationPropertiesRebinder matched:
      - @ConditionalOnMissingBean (types: org.springframework.cloud.context.properties.ConfigurationPropertiesRebinder; SearchStrategy: current) did not find any beans (OnBeanCondition)

   ConfigurationPropertiesReportEndpointAutoConfiguration#configurationPropertiesReportEndpoint matched:
      - @ConditionalOnMissingBean (types: org.springframework.boot.actuate.context.properties.ConfigurationPropertiesReportEndpoint; SearchStrategy: all) did not find any beans (OnBeanCondition)
      - @ConditionalOnEnabledEndpoint no property management.endpoint.configprops.enabled found so using endpoint default (OnEnabledEndpointCondition)

   ContextFunctionCatalogAutoConfiguration matched:
      - @ConditionalOnMissingBean (types: org.springframework.cloud.function.context.FunctionCatalog; SearchStrategy: all) did not find any beans (OnBeanCondition)

   ContextFunctionCatalogAutoConfiguration.JacksonConfiguration matched:
      - @ConditionalOnClass found required class 'com.fasterxml.jackson.databind.ObjectMapper' (OnClassCondition)
      - @ConditionalOnProperty (spring.http.converters.preferred-json-mapper=jackson) matched (OnPropertyCondition)
      - @ConditionalOnBean (types: com.fasterxml.jackson.databind.ObjectMapper; SearchStrategy: all) found bean 'jacksonObjectMapper' (OnBeanCondition)

   DataSourceAutoConfiguration matched:
      - @ConditionalOnClass found required classes 'javax.sql.DataSource', 'org.springframework.jdbc.datasource.embedded.EmbeddedDatabaseType' (OnClassCondition)

   DataSourceAutoConfiguration.PooledDataSourceConfiguration matched:
      - AnyNestedCondition 1 matched 1 did not; NestedCondition on DataSourceAutoConfiguration.PooledDataSourceCondition.PooledDataSourceAvailable PooledDataSource found supported DataSource; NestedCondition on DataSourceAutoConfiguration.PooledDataSourceCondition.ExplicitType @ConditionalOnProperty (spring.datasource.type) did not find property 'type' (DataSourceAutoConfiguration.PooledDataSourceCondition)
      - @ConditionalOnMissingBean (types: javax.sql.DataSource,javax.sql.XADataSource; SearchStrategy: all) did not find any beans (OnBeanCondition)

   DataSourceConfiguration.Hikari matched:
      - @ConditionalOnClass found required class 'com.zaxxer.hikari.HikariDataSource' (OnClassCondition)
      - @ConditionalOnProperty (spring.datasource.type=com.zaxxer.hikari.HikariDataSource) matched (OnPropertyCondition)
      - @ConditionalOnMissingBean (types: javax.sql.DataSource; SearchStrategy: all) did not find any beans (OnBeanCondition)

   DataSourceHealthIndicatorAutoConfiguration matched:
      - @ConditionalOnClass found required classes 'org.springframework.jdbc.core.JdbcTemplate', 'org.springframework.jdbc.datasource.lookup.AbstractRoutingDataSource' (OnClassCondition)
      - @ConditionalOnEnabledHealthIndicator management.health.defaults.enabled is considered true (OnEnabledHealthIndicatorCondition)
      - @ConditionalOnBean (types: javax.sql.DataSource; SearchStrategy: all) found bean 'dataSource' (OnBeanCondition)

   DataSourceHealthIndicatorAutoConfiguration#dbHealthIndicator matched:
      - @ConditionalOnMissingBean (names: dbHealthIndicator; SearchStrategy: all) did not find any beans (OnBeanCondition)

   DataSourcePoolMetadataProvidersConfiguration.HikariPoolDataSourceMetadataProviderConfiguration matched:
      - @ConditionalOnClass found required class 'com.zaxxer.hikari.HikariDataSource' (OnClassCondition)

   DataSourcePoolMetricsAutoConfiguration matched:
      - @ConditionalOnClass found required classes 'javax.sql.DataSource', 'io.micrometer.core.instrument.MeterRegistry' (OnClassCondition)
      - @ConditionalOnBean (types: javax.sql.DataSource,io.micrometer.core.instrument.MeterRegistry; SearchStrategy: all) found beans 'simpleMeterRegistry', 'dataSource' (OnBeanCondition)

   DataSourcePoolMetricsAutoConfiguration.DataSourcePoolMetadataMetricsConfiguration matched:
      - @ConditionalOnBean (types: org.springframework.boot.jdbc.metadata.DataSourcePoolMetadataProvider; SearchStrategy: all) found bean 'hikariPoolDataSourceMetadataProvider' (OnBeanCondition)

   DataSourcePoolMetricsAutoConfiguration.HikariDataSourceMetricsConfiguration matched:
      - @ConditionalOnClass found required class 'com.zaxxer.hikari.HikariDataSource' (OnClassCondition)

   DataSourceTransactionManagerAutoConfiguration matched:
      - @ConditionalOnClass found required classes 'org.springframework.jdbc.core.JdbcTemplate', 'org.springframework.transaction.PlatformTransactionManager' (OnClassCondition)

   DataSourceTransactionManagerAutoConfiguration.DataSourceTransactionManagerConfiguration matched:
      - @ConditionalOnSingleCandidate (types: javax.sql.DataSource; SearchStrategy: all) found a primary bean from beans 'dataSource' (OnBeanCondition)

   DefaultFeignLoadBalancedConfiguration#feignClient matched:
      - @ConditionalOnMissingBean (types: feign.Client; SearchStrategy: all) did not find any beans (OnBeanCondition)

   DiscoveryClientOptionalArgsConfiguration#discoveryClientOptionalArgs matched:
      - @ConditionalOnClass found required class 'com.sun.jersey.api.client.filter.ClientFilter' (OnClassCondition)
      - @ConditionalOnMissingBean (types: com.netflix.discovery.AbstractDiscoveryClientOptionalArgs; SearchStrategy: current) did not find any beans (OnBeanCondition)

   DiskSpaceHealthIndicatorAutoConfiguration matched:
      - @ConditionalOnEnabledHealthIndicator management.health.defaults.enabled is considered true (OnEnabledHealthIndicatorCondition)

   DiskSpaceHealthIndicatorAutoConfiguration#diskSpaceHealthIndicator matched:
      - @ConditionalOnMissingBean (names: diskSpaceHealthIndicator; SearchStrategy: all) did not find any beans (OnBeanCondition)

   DispatcherServletAutoConfiguration matched:
      - @ConditionalOnClass found required class 'org.springframework.web.servlet.DispatcherServlet' (OnClassCondition)
      - found 'session' scope (OnWebApplicationCondition)

   DispatcherServletAutoConfiguration.DispatcherServletConfiguration matched:
      - @ConditionalOnClass found required class 'javax.servlet.ServletRegistration' (OnClassCondition)
      - Default DispatcherServlet did not find dispatcher servlet beans (DispatcherServletAutoConfiguration.DefaultDispatcherServletCondition)

   DispatcherServletAutoConfiguration.DispatcherServletRegistrationConfiguration matched:
      - @ConditionalOnClass found required class 'javax.servlet.ServletRegistration' (OnClassCondition)
      - DispatcherServlet Registration did not find servlet registration bean (DispatcherServletAutoConfiguration.DispatcherServletRegistrationCondition)
      - DispatcherServlet Registration found servlet registration beans 'proxyStreamServlet' and none is named dispatcherServletRegistration (DispatcherServletAutoConfiguration.DispatcherServletRegistrationCondition)

   DispatcherServletAutoConfiguration.DispatcherServletRegistrationConfiguration#dispatcherServletRegistration matched:
      - @ConditionalOnBean (names: dispatcherServlet; types: org.springframework.web.servlet.DispatcherServlet; SearchStrategy: all) found bean 'dispatcherServlet' (OnBeanCondition)

   EmbeddedWebServerFactoryCustomizerAutoConfiguration matched:
      - @ConditionalOnWebApplication (required) found 'session' scope (OnWebApplicationCondition)

   EmbeddedWebServerFactoryCustomizerAutoConfiguration.TomcatWebServerFactoryCustomizerConfiguration matched:
      - @ConditionalOnClass found required classes 'org.apache.catalina.startup.Tomcat', 'org.apache.coyote.UpgradeProtocol' (OnClassCondition)

   EndpointAutoConfiguration#endpointCachingOperationInvokerAdvisor matched:
      - @ConditionalOnMissingBean (types: org.springframework.boot.actuate.endpoint.invoker.cache.CachingOperationInvokerAdvisor; SearchStrategy: all) did not find any beans (OnBeanCondition)

   EndpointAutoConfiguration#endpointOperationParameterMapper matched:
      - @ConditionalOnMissingBean (types: org.springframework.boot.actuate.endpoint.invoke.ParameterValueMapper; SearchStrategy: all) did not find any beans (OnBeanCondition)

   ErrorMvcAutoConfiguration matched:
      - @ConditionalOnClass found required classes 'javax.servlet.Servlet', 'org.springframework.web.servlet.DispatcherServlet' (OnClassCondition)
      - found 'session' scope (OnWebApplicationCondition)

   ErrorMvcAutoConfiguration#basicErrorController matched:
      - @ConditionalOnMissingBean (types: org.springframework.boot.web.servlet.error.ErrorController; SearchStrategy: current) did not find any beans (OnBeanCondition)

   ErrorMvcAutoConfiguration#errorAttributes matched:
      - @ConditionalOnMissingBean (types: org.springframework.boot.web.servlet.error.ErrorAttributes; SearchStrategy: current) did not find any beans (OnBeanCondition)

   ErrorMvcAutoConfiguration.DefaultErrorViewResolverConfiguration#conventionErrorViewResolver matched:
      - @ConditionalOnBean (types: org.springframework.web.servlet.DispatcherServlet; SearchStrategy: all) found bean 'dispatcherServlet'; @ConditionalOnMissingBean (types: org.springframework.boot.autoconfigure.web.servlet.error.DefaultErrorViewResolver; SearchStrategy: all) did not find any beans (OnBeanCondition)

   ErrorMvcAutoConfiguration.WhitelabelErrorViewConfiguration matched:
      - @ConditionalOnProperty (server.error.whitelabel.enabled) matched (OnPropertyCondition)
      - ErrorTemplate Missing did not find error template view (ErrorMvcAutoConfiguration.ErrorTemplateMissingCondition)

   ErrorMvcAutoConfiguration.WhitelabelErrorViewConfiguration#beanNameViewResolver matched:
      - @ConditionalOnMissingBean (types: org.springframework.web.servlet.view.BeanNameViewResolver; SearchStrategy: all) did not find any beans (OnBeanCondition)

   ErrorMvcAutoConfiguration.WhitelabelErrorViewConfiguration#defaultErrorView matched:
      - @ConditionalOnMissingBean (names: error; SearchStrategy: all) did not find any beans (OnBeanCondition)

   EurekaClientAutoConfiguration matched:
      - @ConditionalOnClass found required class 'com.netflix.discovery.EurekaClientConfig' (OnClassCondition)
      - @ConditionalOnProperty (eureka.client.enabled) matched (OnPropertyCondition)
      - @ConditionalOnBean (types: org.springframework.cloud.netflix.eureka.EurekaDiscoveryClientConfiguration$Marker; SearchStrategy: all) found bean 'eurekaDiscoverClientMarker' (OnBeanCondition)

   EurekaClientAutoConfiguration#eurekaAutoServiceRegistration matched:
      - @ConditionalOnProperty (spring.cloud.service-registry.auto-registration.enabled) matched (OnPropertyCondition)
      - @ConditionalOnBean (types: org.springframework.cloud.client.serviceregistry.AutoServiceRegistrationProperties; SearchStrategy: all) found bean 'spring.cloud.service-registry.auto-registration-org.springframework.cloud.client.serviceregistry.AutoServiceRegistrationProperties' (OnBeanCondition)

   EurekaClientAutoConfiguration#eurekaClientConfigBean matched:
      - @ConditionalOnMissingBean (types: com.netflix.discovery.EurekaClientConfig; SearchStrategy: current) did not find any beans (OnBeanCondition)

   EurekaClientAutoConfiguration#eurekaInstanceConfigBean matched:
      - @ConditionalOnMissingBean (types: com.netflix.appinfo.EurekaInstanceConfig; SearchStrategy: current) did not find any beans (OnBeanCondition)

   EurekaClientAutoConfiguration.EurekaHealthIndicatorConfiguration matched:
      - @ConditionalOnClass found required class 'org.springframework.boot.actuate.health.Health' (OnClassCondition)

   EurekaClientAutoConfiguration.RefreshableEurekaClientConfiguration matched:
      - @ConditionalOnClass found required class 'org.springframework.cloud.context.scope.refresh.RefreshScope' (OnClassCondition)
      - @ConditionalOnBean (types: org.springframework.cloud.autoconfigure.RefreshAutoConfiguration; SearchStrategy: all) found bean 'org.springframework.cloud.autoconfigure.RefreshAutoConfiguration' (OnBeanCondition)

   EurekaClientAutoConfiguration.RefreshableEurekaClientConfiguration#eurekaApplicationInfoManager matched:
      - @ConditionalOnMissingBean (types: com.netflix.appinfo.ApplicationInfoManager; SearchStrategy: current) did not find any beans (OnBeanCondition)

   EurekaClientAutoConfiguration.RefreshableEurekaClientConfiguration#eurekaClient matched:
      - @ConditionalOnMissingBean (types: com.netflix.discovery.EurekaClient; SearchStrategy: current) did not find any beans (OnBeanCondition)

   EurekaClientAutoConfiguration.RefreshableEurekaClientConfiguration#eurekaRegistration matched:
      - @ConditionalOnProperty (spring.cloud.service-registry.auto-registration.enabled) matched (OnPropertyCondition)
      - @ConditionalOnBean (types: org.springframework.cloud.client.serviceregistry.AutoServiceRegistrationProperties; SearchStrategy: all) found bean 'spring.cloud.service-registry.auto-registration-org.springframework.cloud.client.serviceregistry.AutoServiceRegistrationProperties' (OnBeanCondition)

   EurekaDiscoveryClientConfigServiceAutoConfiguration matched:
      - @ConditionalOnProperty (spring.cloud.config.discovery.enabled) matched (OnPropertyCondition)
      - @ConditionalOnBean (types: org.springframework.cloud.netflix.eureka.EurekaDiscoveryClientConfiguration; SearchStrategy: all) found bean 'org.springframework.cloud.netflix.eureka.EurekaDiscoveryClientConfiguration' (OnBeanCondition)

   EurekaDiscoveryClientConfiguration matched:
      - @ConditionalOnClass found required class 'com.netflix.discovery.EurekaClientConfig' (OnClassCondition)
      - @ConditionalOnProperty (eureka.client.enabled) matched (OnPropertyCondition)

   EurekaDiscoveryClientConfiguration.EurekaClientConfigurationRefresher matched:
      - @ConditionalOnClass found required class 'org.springframework.cloud.context.scope.refresh.RefreshScopeRefreshedEvent' (OnClassCondition)

   FeignAutoConfiguration matched:
      - @ConditionalOnClass found required class 'feign.Feign' (OnClassCondition)

   FeignAutoConfiguration.HystrixFeignTargeterConfiguration matched:
      - @ConditionalOnClass found required class 'feign.hystrix.HystrixFeign' (OnClassCondition)

   FeignAutoConfiguration.HystrixFeignTargeterConfiguration#feignTargeter matched:
      - @ConditionalOnMissingBean (types: org.springframework.cloud.openfeign.Targeter; SearchStrategy: all) did not find any beans (OnBeanCondition)

   FeignRibbonClientAutoConfiguration matched:
      - @ConditionalOnClass found required classes 'com.netflix.loadbalancer.ILoadBalancer', 'feign.Feign' (OnClassCondition)

   FeignRibbonClientAutoConfiguration#feignRequestOptions matched:
      - @ConditionalOnMissingBean (types: feign.Request$Options; SearchStrategy: all) did not find any beans (OnBeanCondition)

   FeignRibbonClientAutoConfiguration#retryabeCachingLBClientFactory matched:
      - @ConditionalOnClass found required class 'org.springframework.retry.support.RetryTemplate' (OnClassCondition)
      - @ConditionalOnMissingBean (types: org.springframework.cloud.openfeign.ribbon.CachingSpringLoadBalancerFactory; SearchStrategy: all) did not find any beans (OnBeanCondition)

   FreeMarkerAutoConfiguration matched:
      - @ConditionalOnClass found required classes 'freemarker.template.Configuration', 'org.springframework.ui.freemarker.FreeMarkerConfigurationFactory' (OnClassCondition)

   FreeMarkerServletWebConfiguration matched:
      - @ConditionalOnClass found required classes 'javax.servlet.Servlet', 'org.springframework.web.servlet.view.freemarker.FreeMarkerConfigurer' (OnClassCondition)
      - found 'session' scope (OnWebApplicationCondition)

   FreeMarkerServletWebConfiguration#freeMarkerViewResolver matched:
      - @ConditionalOnProperty (spring.freemarker.enabled) matched (OnPropertyCondition)
      - @ConditionalOnMissingBean (names: freeMarkerViewResolver; SearchStrategy: all) did not find any beans (OnBeanCondition)

   GenericCacheConfiguration matched:
      - Cache org.springframework.boot.autoconfigure.cache.GenericCacheConfiguration automatic cache type (CacheCondition)

   GsonAutoConfiguration matched:
      - @ConditionalOnClass found required class 'com.google.gson.Gson' (OnClassCondition)

   GsonAutoConfiguration#gson matched:
      - @ConditionalOnMissingBean (types: com.google.gson.Gson; SearchStrategy: all) did not find any beans (OnBeanCondition)

   GsonAutoConfiguration#gsonBuilder matched:
      - @ConditionalOnMissingBean (types: com.google.gson.GsonBuilder; SearchStrategy: all) did not find any beans (OnBeanCondition)

   GsonHttpMessageConvertersConfiguration matched:
      - @ConditionalOnClass found required class 'com.google.gson.Gson' (OnClassCondition)

   HealthEndpointConfiguration matched:
      - @ConditionalOnSingleCandidate (types: org.springframework.boot.actuate.health.HealthIndicatorRegistry; SearchStrategy: all) found a primary bean from beans 'healthIndicatorRegistry' (OnBeanCondition)

   HealthEndpointConfiguration#healthEndpoint matched:
      - @ConditionalOnMissingBean (types: org.springframework.boot.actuate.health.HealthEndpoint; SearchStrategy: all) did not find any beans (OnBeanCondition)
      - @ConditionalOnEnabledEndpoint no property management.endpoint.health.enabled found so using endpoint default (OnEnabledEndpointCondition)

   HealthEndpointWebExtensionConfiguration#createHealthStatusHttpMapper matched:
      - @ConditionalOnMissingBean (types: org.springframework.boot.actuate.health.HealthStatusHttpMapper; SearchStrategy: all) did not find any beans (OnBeanCondition)

   HealthEndpointWebExtensionConfiguration#healthWebEndpointResponseMapper matched:
      - @ConditionalOnMissingBean (types: org.springframework.boot.actuate.health.HealthWebEndpointResponseMapper; SearchStrategy: all) did not find any beans (OnBeanCondition)

   HealthEndpointWebExtensionConfiguration.ServletWebHealthConfiguration matched:
      - found 'session' scope (OnWebApplicationCondition)

   HealthEndpointWebExtensionConfiguration.ServletWebHealthConfiguration#healthEndpointWebExtension matched:
      - @ConditionalOnBean (types: org.springframework.boot.actuate.health.HealthEndpoint; SearchStrategy: all) found bean 'healthEndpoint'; @ConditionalOnMissingBean (types: org.springframework.boot.actuate.health.HealthEndpointWebExtension; SearchStrategy: all) did not find any beans (OnBeanCondition)
      - @ConditionalOnEnabledEndpoint no property management.endpoint.health.enabled found so using endpoint default (OnEnabledEndpointCondition)

   HealthIndicatorAutoConfiguration#healthAggregator matched:
      - @ConditionalOnMissingBean (types: org.springframework.boot.actuate.health.HealthAggregator; SearchStrategy: all) did not find any beans (OnBeanCondition)

   HealthIndicatorAutoConfiguration#healthIndicatorRegistry matched:
      - @ConditionalOnMissingBean (types: org.springframework.boot.actuate.health.HealthIndicatorRegistry; SearchStrategy: all) did not find any beans (OnBeanCondition)

   HealthIndicatorAutoConfiguration.ReactiveHealthIndicatorConfiguration matched:
      - @ConditionalOnClass found required class 'reactor.core.publisher.Flux' (OnClassCondition)

   HealthIndicatorAutoConfiguration.ReactiveHealthIndicatorConfiguration#reactiveHealthIndicatorRegistry matched:
      - @ConditionalOnMissingBean (types: org.springframework.boot.actuate.health.ReactiveHealthIndicatorRegistry; SearchStrategy: all) did not find any beans (OnBeanCondition)

   HeapDumpWebEndpointAutoConfiguration#heapDumpWebEndpoint matched:
      - @ConditionalOnMissingBean (types: org.springframework.boot.actuate.management.HeapDumpWebEndpoint; SearchStrategy: all) did not find any beans (OnBeanCondition)
      - @ConditionalOnEnabledEndpoint no property management.endpoint.heapdump.enabled found so using endpoint default (OnEnabledEndpointCondition)

   HibernateJpaAutoConfiguration matched:
      - @ConditionalOnClass found required classes 'org.springframework.orm.jpa.LocalContainerEntityManagerFactoryBean', 'javax.persistence.EntityManager' (OnClassCondition)
      - HibernateEntityManager found class 'org.hibernate.ejb.HibernateEntityManager' (HibernateJpaAutoConfiguration.HibernateEntityManagerCondition)

   HibernateJpaConfiguration matched:
      - @ConditionalOnSingleCandidate (types: javax.sql.DataSource; SearchStrategy: all) found a primary bean from beans 'dataSource' (OnBeanCondition)

   HibernateMetricsAutoConfiguration matched:
      - @ConditionalOnClass found required classes 'javax.persistence.EntityManagerFactory', 'org.hibernate.SessionFactory', 'io.micrometer.core.instrument.MeterRegistry' (OnClassCondition)
      - @ConditionalOnBean (types: javax.persistence.EntityManagerFactory,io.micrometer.core.instrument.MeterRegistry; SearchStrategy: all) found beans 'entityManagerFactory', 'simpleMeterRegistry' (OnBeanCondition)

   HttpClientConfiguration.ApacheHttpClientConfiguration matched:
      - @ConditionalOnClass found required class 'org.apache.http.client.HttpClient' (OnClassCondition)
      - @ConditionalOnProperty (spring.cloud.httpclientfactories.apache.enabled) matched (OnPropertyCondition)

   HttpClientConfiguration.ApacheHttpClientConfiguration#apacheHttpClientFactory matched:
      - @ConditionalOnMissingBean (types: org.springframework.cloud.commons.httpclient.ApacheHttpClientFactory; SearchStrategy: all) did not find any beans (OnBeanCondition)

   HttpClientConfiguration.ApacheHttpClientConfiguration#connManFactory matched:
      - @ConditionalOnMissingBean (types: org.springframework.cloud.commons.httpclient.ApacheHttpClientConnectionManagerFactory; SearchStrategy: all) did not find any beans (OnBeanCondition)

   HttpClientMetricsAutoConfiguration matched:
      - @ConditionalOnClass found required class 'io.micrometer.core.instrument.MeterRegistry' (OnClassCondition)
      - @ConditionalOnBean (types: io.micrometer.core.instrument.MeterRegistry; SearchStrategy: all) found bean 'simpleMeterRegistry' (OnBeanCondition)

   HttpEncodingAutoConfiguration matched:
      - @ConditionalOnClass found required class 'org.springframework.web.filter.CharacterEncodingFilter' (OnClassCondition)
      - found 'session' scope (OnWebApplicationCondition)
      - @ConditionalOnProperty (spring.http.encoding.enabled) matched (OnPropertyCondition)

   HttpEncodingAutoConfiguration#characterEncodingFilter matched:
      - @ConditionalOnMissingBean (types: org.springframework.web.filter.CharacterEncodingFilter; SearchStrategy: all) did not find any beans (OnBeanCondition)

   HttpMessageConvertersAutoConfiguration matched:
      - @ConditionalOnClass found required class 'org.springframework.http.converter.HttpMessageConverter' (OnClassCondition)

   HttpMessageConvertersAutoConfiguration#messageConverters matched:
      - @ConditionalOnMissingBean (types: org.springframework.boot.autoconfigure.http.HttpMessageConverters; SearchStrategy: all) did not find any beans (OnBeanCondition)

   HttpMessageConvertersAutoConfiguration.StringHttpMessageConverterConfiguration matched:
      - @ConditionalOnClass found required class 'org.springframework.http.converter.StringHttpMessageConverter' (OnClassCondition)

   HttpMessageConvertersAutoConfiguration.StringHttpMessageConverterConfiguration#stringHttpMessageConverter matched:
      - @ConditionalOnMissingBean (types: org.springframework.http.converter.StringHttpMessageConverter; SearchStrategy: all) did not find any beans (OnBeanCondition)

   HttpTraceAutoConfiguration matched:
      - @ConditionalOnWebApplication (required) found 'session' scope (OnWebApplicationCondition)
      - @ConditionalOnProperty (management.trace.http.enabled) matched (OnPropertyCondition)

   HttpTraceAutoConfiguration#httpExchangeTracer matched:
      - @ConditionalOnMissingBean (types: org.springframework.boot.actuate.trace.http.HttpExchangeTracer; SearchStrategy: all) did not find any beans (OnBeanCondition)

   HttpTraceAutoConfiguration#traceRepository matched:
      - @ConditionalOnMissingBean (types: org.springframework.boot.actuate.trace.http.HttpTraceRepository; SearchStrategy: all) did not find any beans (OnBeanCondition)

   HttpTraceAutoConfiguration.ServletTraceFilterConfiguration matched:
      - found 'session' scope (OnWebApplicationCondition)

   HttpTraceAutoConfiguration.ServletTraceFilterConfiguration#httpTraceFilter matched:
      - @ConditionalOnMissingBean (types: org.springframework.boot.actuate.web.trace.servlet.HttpTraceFilter; SearchStrategy: all) did not find any beans (OnBeanCondition)

   HttpTraceEndpointAutoConfiguration#httpTraceEndpoint matched:
      - @ConditionalOnBean (types: org.springframework.boot.actuate.trace.http.HttpTraceRepository; SearchStrategy: all) found bean 'traceRepository'; @ConditionalOnMissingBean (types: org.springframework.boot.actuate.trace.http.HttpTraceEndpoint; SearchStrategy: all) did not find any beans (OnBeanCondition)
      - @ConditionalOnEnabledEndpoint no property management.endpoint.httptrace.enabled found so using endpoint default (OnEnabledEndpointCondition)

   HystrixAutoConfiguration matched:
      - @ConditionalOnClass found required classes 'com.netflix.hystrix.Hystrix', 'org.springframework.boot.actuate.health.HealthIndicator', 'org.springframework.boot.actuate.autoconfigure.health.HealthIndicatorAutoConfiguration' (OnClassCondition)

   HystrixAutoConfiguration#hystrixHealthIndicator matched:
      - @ConditionalOnEnabledHealthIndicator management.health.defaults.enabled is considered true (OnEnabledHealthIndicatorCondition)

   HystrixAutoConfiguration.HystrixMetricsConfiguration matched:
      - @ConditionalOnClass found required class 'io.micrometer.core.instrument.binder.hystrix.HystrixMetricsBinder' (OnClassCondition)
      - @ConditionalOnProperty (management.metrics.binders.hystrix.enabled) matched (OnPropertyCondition)

   HystrixAutoConfiguration.HystrixServletAutoConfiguration matched:
      - @ConditionalOnClass found required class 'com.netflix.hystrix.contrib.metrics.eventstream.HystrixMetricsStreamServlet' (OnClassCondition)
      - found 'session' scope (OnWebApplicationCondition)
      - @ConditionalOnBean (types: com.netflix.hystrix.contrib.javanica.aop.aspectj.HystrixCommandAspect; SearchStrategy: all) found bean 'hystrixCommandAspect' (OnBeanCondition)

   HystrixAutoConfiguration.HystrixServletAutoConfiguration#hystrixStreamEndpoint matched:
      - @ConditionalOnEnabledEndpoint no property management.endpoint.hystrix.stream.enabled found so using endpoint default (OnEnabledEndpointCondition)

   InfoContributorAutoConfiguration#envInfoContributor matched:
      - @ConditionalOnEnabledInfoContributor management.info.defaults.enabled is considered true (OnEnabledInfoContributorCondition)

   InfoEndpointAutoConfiguration#infoEndpoint matched:
      - @ConditionalOnMissingBean (types: org.springframework.boot.actuate.info.InfoEndpoint; SearchStrategy: all) did not find any beans (OnBeanCondition)
      - @ConditionalOnEnabledEndpoint no property management.endpoint.info.enabled found so using endpoint default (OnEnabledEndpointCondition)

   IntegrationAutoConfiguration matched:
      - @ConditionalOnClass found required class 'org.springframework.integration.config.EnableIntegration' (OnClassCondition)

   IntegrationAutoConfiguration.IntegrationComponentScanConfiguration matched:
      - @ConditionalOnMissingBean (types: org.springframework.integration.gateway.GatewayProxyFactoryBean; SearchStrategy: all) did not find any beans (OnBeanCondition)

   IntegrationAutoConfiguration.IntegrationManagementConfiguration matched:
      - @ConditionalOnClass found required class 'org.springframework.integration.config.EnableIntegrationManagement' (OnClassCondition)
[...]

   RestClientAutoConfiguration:
      Did not match:
         - @ConditionalOnClass did not find required class 'org.elasticsearch.client.RestClient' (OnClassCondition)

   RestartEndpointWithIntegrationConfiguration#restartEndpoint:
      Did not match:
         - @ConditionalOnEnabledEndpoint no property management.endpoint.restart.enabled found so using endpoint default (OnEnabledEndpointCondition)

   RestartEndpointWithoutIntegrationConfiguration:
      Did not match:
         - @ConditionalOnMissingClass found unwanted class 'org.springframework.integration.monitor.IntegrationMBeanExporter' (OnClassCondition)

   RibbonAutoConfiguration#ribbonApplicationContextInitializer:
      Did not match:
         - @ConditionalOnProperty (ribbon.eager-load.enabled) did not find property 'ribbon.eager-load.enabled' (OnPropertyCondition)

   RibbonAutoConfiguration.RibbonClientHttpRequestFactoryConfiguration:
      Did not match:
         - AnyNestedCondition 0 matched 2 did not; NestedCondition on RibbonAutoConfiguration.OnRibbonRestClientCondition.RibbonProperty @ConditionalOnProperty (ribbon.restclient.enabled) did not find property 'ribbon.restclient.enabled'; NestedCondition on RibbonAutoConfiguration.OnRibbonRestClientCondition.ZuulProperty @ConditionalOnProperty (ribbon.http.client.enabled) did not find property 'ribbon.http.client.enabled' (RibbonAutoConfiguration.OnRibbonRestClientCondition)
      Matched:
         - @ConditionalOnClass found required class 'com.netflix.client.http.HttpRequest' (OnClassCondition)

   SecurityAutoConfiguration:
      Did not match:
         - @ConditionalOnClass did not find required class 'org.springframework.security.authentication.DefaultAuthenticationEventPublisher' (OnClassCondition)

   SecurityFilterAutoConfiguration:
      Did not match:
         - @ConditionalOnClass did not find required class 'org.springframework.security.config.http.SessionCreationPolicy' (OnClassCondition)

   SecurityRequestMatcherProviderAutoConfiguration:
      Did not match:
         - @ConditionalOnClass did not find required class 'org.springframework.security.web.util.matcher.RequestMatcher' (OnClassCondition)

   SendGridAutoConfiguration:
      Did not match:
         - @ConditionalOnClass did not find required class 'com.sendgrid.SendGrid' (OnClassCondition)

   ServletEndpointManagementContextConfiguration.JerseyServletEndpointManagementContextConfiguration:
      Did not match:
         - @ConditionalOnClass did not find required class 'org.glassfish.jersey.server.ResourceConfig' (OnClassCondition)

   ServletManagementContextAutoConfiguration.ApplicationContextFilterConfiguration:
      Did not match:
         - @ConditionalOnProperty (management.server.add-application-context-header=true) did not find property 'add-application-context-header' (OnPropertyCondition)

   ServletWebServerFactoryConfiguration.EmbeddedJetty:
      Did not match:
         - @ConditionalOnClass did not find required classes 'org.eclipse.jetty.server.Server', 'org.eclipse.jetty.util.Loader', 'org.eclipse.jetty.webapp.WebAppContext' (OnClassCondition)

   ServletWebServerFactoryConfiguration.EmbeddedUndertow:
      Did not match:
         - @ConditionalOnClass did not find required classes 'io.undertow.Undertow', 'org.xnio.SslClientAuthMode' (OnClassCondition)

   SessionAutoConfiguration:
      Did not match:
         - @ConditionalOnClass did not find required class 'org.springframework.session.Session' (OnClassCondition)

   SessionsEndpointAutoConfiguration:
      Did not match:
         - @ConditionalOnClass did not find required class 'org.springframework.session.FindByIndexNameSessionRepository' (OnClassCondition)

   ShutdownEndpointAutoConfiguration#shutdownEndpoint:
      Did not match:
         - @ConditionalOnEnabledEndpoint no property management.endpoint.shutdown.enabled found so using endpoint default (OnEnabledEndpointCondition)
      Matched:
         - @ConditionalOnMissingBean (types: org.springframework.boot.actuate.context.ShutdownEndpoint; SearchStrategy: all) did not find any beans (OnBeanCondition)

   SignalFxMetricsExportAutoConfiguration:
      Did not match:
         - @ConditionalOnClass did not find required class 'io.micrometer.signalfx.SignalFxMeterRegistry' (OnClassCondition)

   SleuthAnnotationAutoConfiguration#nonReactorSleuthMethodInvocationProcessor:
      Did not match:
         - @ConditionalOnMissingClass found unwanted class 'reactor.core.publisher.Flux' (OnClassCondition)

   SolrAutoConfiguration:
      Did not match:
         - @ConditionalOnClass did not find required class 'org.apache.solr.client.solrj.impl.CloudSolrClient' (OnClassCondition)

   SolrHealthIndicatorAutoConfiguration:
      Did not match:
         - @ConditionalOnClass did not find required class 'org.apache.solr.client.solrj.SolrClient' (OnClassCondition)

   SolrRepositoriesAutoConfiguration:
      Did not match:
         - @ConditionalOnClass did not find required class 'org.apache.solr.client.solrj.SolrClient' (OnClassCondition)

   SpringApplicationAdminJmxAutoConfiguration:
      Did not match:
         - @ConditionalOnProperty (spring.application.admin.enabled=true) did not find property 'enabled' (OnPropertyCondition)

   StatsdMetricsExportAutoConfiguration:
      Did not match:
         - @ConditionalOnClass did not find required class 'io.micrometer.statsd.StatsdMeterRegistry' (OnClassCondition)

   TaskSchedulingAutoConfiguration#taskScheduler:
      Did not match:
         - @ConditionalOnBean (names: org.springframework.context.annotation.internalScheduledAnnotationProcessor; SearchStrategy: all) did not find any beans named org.springframework.context.annotation.internalScheduledAnnotationProcessor (OnBeanCondition)

   ThymeleafAutoConfiguration:
      Did not match:
         - @ConditionalOnClass did not find required class 'org.thymeleaf.templatemode.TemplateMode' (OnClassCondition)

   TraceAutoConfiguration#noOpSpanReporter:
      Did not match:
         - @ConditionalOnMissingBean (types: zipkin2.reporter.Reporter; SearchStrategy: all) found beans of type 'zipkin2.reporter.Reporter' reporter (OnBeanCondition)

   TraceAutoConfiguration#sleuthTraceSampler:
      Did not match:
         - @ConditionalOnMissingBean (types: brave.sampler.Sampler; SearchStrategy: all) found beans of type 'brave.sampler.Sampler' scopedTarget.defaultTraceSampler (OnBeanCondition)

   TraceFeignClientAutoConfiguration#feignHystrixBuilder:
      Did not match:
         - @ConditionalOnProperty (feign.hystrix.enabled=true) did not find property 'feign.hystrix.enabled' (OnPropertyCondition)
      Matched:
         - @ConditionalOnClass found required classes 'com.netflix.hystrix.HystrixCommand', 'feign.hystrix.HystrixFeign' (OnClassCondition)

   TraceFeignClientAutoConfiguration.OkHttpClientFeignBeanPostProcessorConfiguration:
      Did not match:
         - @ConditionalOnClass did not find required class 'feign.okhttp.OkHttpClient' (OnClassCondition)

   TraceGrpcAutoConfiguration:
      Did not match:
         - @ConditionalOnClass did not find required class 'brave.grpc.GrpcTracing' (OnClassCondition)

   TraceHttpAutoConfiguration#sleuthHttpClientParser:
      Did not match:
         - @ConditionalOnProperty (spring.sleuth.http.legacy.enabled=true) did not find property 'spring.sleuth.http.legacy.enabled' (OnPropertyCondition)

   TraceHttpAutoConfiguration#sleuthHttpServerParser:
      Did not match:
         - @ConditionalOnProperty (spring.sleuth.http.legacy.enabled=true) did not find property 'spring.sleuth.http.legacy.enabled' (OnPropertyCondition)

   TraceMessagingAutoConfiguration.SleuthJmsConfiguration:
      Did not match:
         - @ConditionalOnClass did not find required class 'org.springframework.jms.annotation.JmsListenerConfigurer' (OnClassCondition)

   TraceMessagingAutoConfiguration.SleuthKafkaConfiguration:
      Did not match:
         - @ConditionalOnClass did not find required class 'org.springframework.kafka.core.ProducerFactory' (OnClassCondition)

   TraceWebAsyncClientAutoConfiguration.AsyncRestTemplateConfig:
      Did not match:
         - @ConditionalOnBean (types: org.springframework.web.client.AsyncRestTemplate; SearchStrategy: all) did not find any beans of type org.springframework.web.client.AsyncRestTemplate (OnBeanCondition)

   TraceWebAutoConfiguration.ManagementSkipPatternProviderConfig#skipPatternForManagementServerProperties:
      Did not match:
         - @ConditionalOnBean (types: org.springframework.boot.actuate.autoconfigure.web.server.ManagementServerProperties; SearchStrategy: all) did not find any beans of type org.springframework.boot.actuate.autoconfigure.web.server.ManagementServerProperties (OnBeanCondition)

   TraceWebClientAutoConfiguration.HttpAsyncClientBuilderConfig:
      Did not match:
         - @ConditionalOnClass did not find required class 'org.apache.http.impl.nio.client.HttpAsyncClientBuilder' (OnClassCondition)

   TraceWebClientAutoConfiguration.NettyConfiguration:
      Did not match:
         - @ConditionalOnClass did not find required class 'reactor.netty.http.client.HttpClient' (OnClassCondition)

   TraceWebClientAutoConfiguration.TraceOAuthConfiguration:
      Did not match:
         - @ConditionalOnClass did not find required classes 'org.springframework.boot.autoconfigure.security.oauth2.resource.UserInfoRestTemplateCustomizer', 'org.springframework.security.oauth2.client.OAuth2RestTemplate' (OnClassCondition)

   TraceWebClientAutoConfiguration.WebClientConfig:
      Did not match:
         - @ConditionalOnClass did not find required class 'org.springframework.web.reactive.function.client.WebClient' (OnClassCondition)

   TraceWebFluxAutoConfiguration:
      Did not match:
         - @ConditionalOnWebApplication did not find reactive web application classes (OnWebApplicationCondition)

   TraceWebServletAutoConfiguration#traceSpringDataBeanPostProcessor:
      Did not match:
         - @ConditionalOnClass did not find required class 'org.springframework.data.rest.webmvc.support.DelegatingHandlerMapping' (OnClassCondition)

   TraceWebSocketAutoConfiguration:
      Did not match:
         - @ConditionalOnClass did not find required class 'org.springframework.web.socket.config.annotation.DelegatingWebSocketMessageBrokerConfiguration' (OnClassCondition)

   TraceZuulAutoConfiguration:
      Did not match:
         - @ConditionalOnClass did not find required class 'com.netflix.zuul.ZuulFilter' (OnClassCondition)

   TransactionAutoConfiguration.EnableTransactionManagementConfiguration.JdkDynamicAutoProxyConfiguration:
      Did not match:
         - @ConditionalOnProperty (spring.aop.proxy-target-class=false) did not find property 'proxy-target-class' (OnPropertyCondition)

   UserDetailsServiceAutoConfiguration:
      Did not match:
         - @ConditionalOnClass did not find required class 'org.springframework.security.authentication.AuthenticationManager' (OnClassCondition)

   UtilAutoConfiguration#inetUtils:
      Did not match:
         - @ConditionalOnMissingBean (types: org.springframework.cloud.commons.util.InetUtils; SearchStrategy: all) found beans of type 'org.springframework.cloud.commons.util.InetUtils' inetUtils (OnBeanCondition)

   WavefrontMetricsExportAutoConfiguration:
      Did not match:
         - @ConditionalOnClass did not find required class 'io.micrometer.wavefront.WavefrontMeterRegistry' (OnClassCondition)

   WebClientAutoConfiguration:
      Did not match:
         - @ConditionalOnClass did not find required class 'org.springframework.web.reactive.function.client.WebClient' (OnClassCondition)

   WebClientMetricsConfiguration:
      Did not match:
         - @ConditionalOnClass did not find required class 'org.springframework.web.reactive.function.client.WebClient' (OnClassCondition)

   WebFluxAutoConfiguration:
      Did not match:
         - @ConditionalOnClass did not find required class 'org.springframework.web.reactive.config.WebFluxConfigurer' (OnClassCondition)

   WebFluxEndpointManagementContextConfiguration:
      Did not match:
         - @ConditionalOnClass did not find required class 'org.springframework.web.reactive.DispatcherHandler' (OnClassCondition)

   WebFluxMetricsAutoConfiguration:
      Did not match:
         - @ConditionalOnWebApplication did not find reactive web application classes (OnWebApplicationCondition)

   WebMvcAutoConfiguration.ResourceChainCustomizerConfiguration:
      Did not match:
         - @ConditionalOnEnabledResourceChain did not find class org.webjars.WebJarAssetLocator (OnEnabledResourceChainCondition)

   WebMvcAutoConfiguration.WebMvcAutoConfigurationAdapter#beanNameViewResolver:
      Did not match:
         - @ConditionalOnMissingBean (types: org.springframework.web.servlet.view.BeanNameViewResolver; SearchStrategy: all) found beans of type 'org.springframework.web.servlet.view.BeanNameViewResolver' beanNameViewResolver (OnBeanCondition)

   WebMvcAutoConfiguration.WebMvcAutoConfigurationAdapter#localeResolver:
      Did not match:
         - @ConditionalOnProperty (spring.mvc.locale) did not find property 'locale' (OnPropertyCondition)

   WebServiceTemplateAutoConfiguration:
      Did not match:
         - @ConditionalOnClass did not find required class 'org.springframework.ws.client.core.WebServiceTemplate' (OnClassCondition)

   WebServicesAutoConfiguration:
      Did not match:
         - @ConditionalOnClass did not find required class 'org.springframework.ws.transport.http.MessageDispatcherServlet' (OnClassCondition)

   WebSocketMessagingAutoConfiguration:
      Did not match:
         - @ConditionalOnClass did not find required class 'org.springframework.web.socket.config.annotation.WebSocketMessageBrokerConfigurer' (OnClassCondition)

   WebSocketReactiveAutoConfiguration:
      Did not match:
         - @ConditionalOnWebApplication did not find reactive web application classes (OnWebApplicationCondition)

   WebSocketServletAutoConfiguration.JettyWebSocketConfiguration:
      Did not match:
         - @ConditionalOnClass did not find required class 'org.eclipse.jetty.websocket.jsr356.server.deploy.WebSocketServerContainerInitializer' (OnClassCondition)

   WebSocketServletAutoConfiguration.UndertowWebSocketConfiguration:
      Did not match:
         - @ConditionalOnClass did not find required class 'io.undertow.websockets.jsr.Bootstrap' (OnClassCondition)

   XADataSourceAutoConfiguration:
      Did not match:
         - @ConditionalOnBean (types: org.springframework.boot.jdbc.XADataSourceWrapper; SearchStrategy: all) did not find any beans of type org.springframework.boot.jdbc.XADataSourceWrapper (OnBeanCondition)
      Matched:
         - @ConditionalOnClass found required classes 'javax.sql.DataSource', 'javax.transaction.TransactionManager', 'org.springframework.jdbc.datasource.embedded.EmbeddedDatabaseType' (OnClassCondition)

   ZipkinAutoConfiguration.DefaultEndpointLocatorConfiguration:
      Did not match:
         - @ConditionalOnProperty (spring.zipkin.locator.discovery.enabled=false) found different value in property 'spring.zipkin.locator.discovery.enabled' (OnPropertyCondition)

   ZipkinAutoConfiguration.NonRefreshScopeProbabilityBasedSamplerConfiguration:
      Did not match:
         - @ConditionalOnMissingBean (types: org.springframework.cloud.context.scope.refresh.RefreshScope; SearchStrategy: all) found beans of type 'org.springframework.cloud.context.scope.refresh.RefreshScope' refreshScope (OnBeanCondition)

   ZipkinKafkaSenderConfiguration:
      Did not match:
         - @ConditionalOnClass did not find required class 'org.apache.kafka.common.serialization.ByteArraySerializer' (OnClassCondition)

   ZipkinRabbitSenderConfiguration:
      Did not match:
         - ZipkinSender org.springframework.cloud.sleuth.zipkin2.sender.ZipkinRabbitSenderConfiguration web sender type (ZipkinSenderCondition)

   ZipkinRestTemplateSenderConfiguration.DefaultZipkinUrlExtractorConfiguration:
      Did not match:
         - @ConditionalOnMissingClass found unwanted class 'org.springframework.cloud.client.loadbalancer.LoadBalancerClient' (OnClassCondition)

   ZipkinRestTemplateSenderConfiguration.DiscoveryClientZipkinUrlExtractorConfiguration.ZipkinClientNoOpConfiguration:
      Did not match:
         - @ConditionalOnProperty (spring.zipkin.discoveryClientEnabled=false) did not find property 'spring.zipkin.discoveryClientEnabled' (OnPropertyCondition)


Exclusions:
-----------

    None


Unconditional classes:
----------------------

    org.springframework.boot.actuate.autoconfigure.management.HeapDumpWebEndpointAutoConfiguration

    org.springframework.cloud.bus.BusPropertiesAutoConfiguration

    org.springframework.boot.actuate.autoconfigure.scheduling.ScheduledTasksEndpointAutoConfiguration

    org.springframework.cloud.stream.binder.rabbit.config.ExtendedBindingHandlerMappingsProviderConfiguration

    org.springframework.boot.actuate.autoconfigure.health.HealthIndicatorAutoConfiguration

    org.springframework.boot.actuate.autoconfigure.info.InfoContributorAutoConfiguration

    org.springframework.cloud.client.discovery.simple.SimpleDiscoveryClientAutoConfiguration

    org.springframework.cloud.stream.test.binder.MessageCollectorAutoConfiguration

    org.springframework.boot.autoconfigure.context.PropertyPlaceholderAutoConfiguration

    org.springframework.cloud.stream.test.binder.TestSupportBinderAutoConfiguration

    org.springframework.boot.actuate.autoconfigure.logging.LogFileWebEndpointAutoConfiguration

    org.springframework.cloud.commons.httpclient.HttpClientConfiguration

    org.springframework.boot.actuate.autoconfigure.env.EnvironmentEndpointAutoConfiguration

    org.springframework.boot.actuate.autoconfigure.context.ShutdownEndpointAutoConfiguration

    org.springframework.boot.actuate.autoconfigure.health.HealthEndpointAutoConfiguration

    org.springframework.boot.actuate.autoconfigure.context.properties.ConfigurationPropertiesReportEndpointAutoConfiguration

    org.springframework.cloud.client.serviceregistry.ServiceRegistryAutoConfiguration

    org.springframework.cloud.autoconfigure.LifecycleMvcEndpointAutoConfiguration

    org.springframework.boot.actuate.autoconfigure.trace.http.HttpTraceEndpointAutoConfiguration

    org.springframework.boot.actuate.autoconfigure.logging.LoggersEndpointAutoConfiguration

    org.springframework.boot.actuate.autoconfigure.info.InfoEndpointAutoConfiguration

    org.springframework.boot.autoconfigure.context.ConfigurationPropertiesAutoConfiguration

    org.springframework.boot.actuate.autoconfigure.endpoint.jmx.JmxEndpointAutoConfiguration

    org.springframework.cloud.client.CommonsClientAutoConfiguration

    org.springframework.boot.actuate.autoconfigure.endpoint.EndpointAutoConfiguration

    org.springframework.boot.actuate.autoconfigure.beans.BeansEndpointAutoConfiguration

    org.springframework.boot.actuate.autoconfigure.condition.ConditionsReportEndpointAutoConfiguration

    org.springframework.boot.actuate.autoconfigure.web.server.ManagementContextAutoConfiguration

    org.springframework.boot.actuate.autoconfigure.audit.AuditEventsEndpointAutoConfiguration

    org.springframework.cloud.config.client.ConfigClientAutoConfiguration

    org.springframework.cloud.client.discovery.composite.CompositeDiscoveryClientAutoConfiguration

    org.springframework.boot.actuate.autoconfigure.web.mappings.MappingsEndpointAutoConfiguration

    org.springframework.cloud.sleuth.instrument.async.AsyncAutoConfiguration

    org.springframework.boot.actuate.autoconfigure.audit.AuditAutoConfiguration

    org.springframework.boot.actuate.autoconfigure.management.ThreadDumpEndpointAutoConfiguration

    org.springframework.boot.autoconfigure.info.ProjectInfoAutoConfiguration



]]></system-err>
  </testcase>
</testsuite>